{"numTotalTestSuites":112,"numPassedTestSuites":78,"numFailedTestSuites":34,"numPendingTestSuites":0,"numTotalTests":200,"numPassedTests":169,"numFailedTests":31,"numPendingTests":0,"numTodoTests":0,"snapshot":{"added":0,"failure":false,"filesAdded":0,"filesRemoved":0,"filesRemovedList":[],"filesUnmatched":0,"filesUpdated":0,"matched":0,"total":0,"unchecked":0,"uncheckedKeysByFile":[],"unmatched":0,"updated":0,"didUpdate":false},"startTime":1761924512118,"success":false,"testResults":[{"assertionResults":[{"ancestorTitles":["일정 CRUD 및 기본 기능"],"fullName":"일정 CRUD 및 기본 기능 입력한 새로운 일정 정보에 맞춰 모든 필드가 이벤트 리스트에 정확히 저장된다.","status":"failed","title":"입력한 새로운 일정 정보에 맞춰 모든 필드가 이벤트 리스트에 정확히 저장된다.","duration":5423.025458999997,"failureMessages":["Error: STACK_TRACE_ERROR\n    at task (file:///Users/anjaehyeon/Desktop/hanghae-plus/front_7th_chapter1-2-/node_modules/.pnpm/@vitest+runner@3.2.4/node_modules/@vitest/runner/dist/chunk-hooks.js:638:27)\n    at Object.<anonymous> (file:///Users/anjaehyeon/Desktop/hanghae-plus/front_7th_chapter1-2-/node_modules/.pnpm/@vitest+runner@3.2.4/node_modules/@vitest/runner/dist/chunk-hooks.js:662:16)\n    at Object.<anonymous> (file:///Users/anjaehyeon/Desktop/hanghae-plus/front_7th_chapter1-2-/node_modules/.pnpm/@vitest+runner@3.2.4/node_modules/@vitest/runner/dist/chunk-hooks.js:458:28)\n    at it (file:///Users/anjaehyeon/Desktop/hanghae-plus/front_7th_chapter1-2-/node_modules/.pnpm/@vitest+runner@3.2.4/node_modules/@vitest/runner/dist/chunk-hooks.js:369:14)\n    at /Users/anjaehyeon/Desktop/hanghae-plus/front_7th_chapter1-2-/src/__tests__/medium.integration.spec.tsx:58:3\n    at file:///Users/anjaehyeon/Desktop/hanghae-plus/front_7th_chapter1-2-/node_modules/.pnpm/@vitest+runner@3.2.4/node_modules/@vitest/runner/dist/chunk-hooks.js:734:40\n    at runWithSuite (file:///Users/anjaehyeon/Desktop/hanghae-plus/front_7th_chapter1-2-/node_modules/.pnpm/@vitest+runner@3.2.4/node_modules/@vitest/runner/dist/chunk-hooks.js:1849:8)\n    at Object.collect (file:///Users/anjaehyeon/Desktop/hanghae-plus/front_7th_chapter1-2-/node_modules/.pnpm/@vitest+runner@3.2.4/node_modules/@vitest/runner/dist/chunk-hooks.js:734:10)\n    at Object.collect (file:///Users/anjaehyeon/Desktop/hanghae-plus/front_7th_chapter1-2-/node_modules/.pnpm/@vitest+runner@3.2.4/node_modules/@vitest/runner/dist/chunk-hooks.js:738:54)\n    at processTicksAndRejections (node:internal/process/task_queues:105:5)\n    at collectTests (file:///Users/anjaehyeon/Desktop/hanghae-plus/front_7th_chapter1-2-/node_modules/.pnpm/@vitest+runner@3.2.4/node_modules/@vitest/runner/dist/chunk-hooks.js:1179:25)\n    at startTests (file:///Users/anjaehyeon/Desktop/hanghae-plus/front_7th_chapter1-2-/node_modules/.pnpm/@vitest+runner@3.2.4/node_modules/@vitest/runner/dist/chunk-hooks.js:1817:17)\n    at file:///Users/anjaehyeon/Desktop/hanghae-plus/front_7th_chapter1-2-/node_modules/.pnpm/vitest@3.2.4_@types+node@22.18.8_@vitest+ui@3.2.4_jsdom@26.1.0_msw@2.10.3_@types+node@22.18.8_typescript@5.6.3_/node_modules/vitest/dist/chunks/runBaseTests.9Ij9_de-.js:117:26\n    at withEnv (file:///Users/anjaehyeon/Desktop/hanghae-plus/front_7th_chapter1-2-/node_modules/.pnpm/vitest@3.2.4_@types+node@22.18.8_@vitest+ui@3.2.4_jsdom@26.1.0_msw@2.10.3_@types+node@22.18.8_typescript@5.6.3_/node_modules/vitest/dist/chunks/runBaseTests.9Ij9_de-.js:84:3)\n    at run (file:///Users/anjaehyeon/Desktop/hanghae-plus/front_7th_chapter1-2-/node_modules/.pnpm/vitest@3.2.4_@types+node@22.18.8_@vitest+ui@3.2.4_jsdom@26.1.0_msw@2.10.3_@types+node@22.18.8_typescript@5.6.3_/node_modules/vitest/dist/chunks/runBaseTests.9Ij9_de-.js:109:2)"],"meta":{}},{"ancestorTitles":["일정 CRUD 및 기본 기능"],"fullName":"일정 CRUD 및 기본 기능 기존 일정의 세부 정보를 수정하고 변경사항이 정확히 반영된다","status":"failed","title":"기존 일정의 세부 정보를 수정하고 변경사항이 정확히 반영된다","duration":3018.1824579999957,"failureMessages":["Error: The element to be cleared could not be focused.\n    at Object.clear (file:///Users/anjaehyeon/Desktop/hanghae-plus/front_7th_chapter1-2-/node_modules/.pnpm/@testing-library+user-event@14.5.2_@testing-library+dom@10.4.0/node_modules/@testing-library/user-event/dist/esm/utility/clear.js:26:15)\n    at file:///Users/anjaehyeon/Desktop/hanghae-plus/front_7th_chapter1-2-/node_modules/.pnpm/@testing-library+user-event@14.5.2_@testing-library+dom@10.4.0/node_modules/@testing-library/user-event/dist/esm/setup/setup.js:83:35\n    at Object.asyncWrapper (/Users/anjaehyeon/Desktop/hanghae-plus/front_7th_chapter1-2-/node_modules/.pnpm/@testing-library+react@16.3.0_@testing-library+dom@10.4.0_@types+react-dom@19.1.6_@types+reac_xbibouo3qhqieqksamtrr6yyp4/node_modules/@testing-library/react/dist/pure.js:88:28)\n    at wrapAsync (file:///Users/anjaehyeon/Desktop/hanghae-plus/front_7th_chapter1-2-/node_modules/.pnpm/@testing-library+user-event@14.5.2_@testing-library+dom@10.4.0/node_modules/@testing-library/user-event/dist/esm/setup/wrapAsync.js:6:24)\n    at Object.clear (file:///Users/anjaehyeon/Desktop/hanghae-plus/front_7th_chapter1-2-/node_modules/.pnpm/@testing-library+user-event@14.5.2_@testing-library+dom@10.4.0/node_modules/@testing-library/user-event/dist/esm/setup/setup.js:83:16)\n    at /Users/anjaehyeon/Desktop/hanghae-plus/front_7th_chapter1-2-/src/__tests__/medium.integration.spec.tsx:91:16\n    at file:///Users/anjaehyeon/Desktop/hanghae-plus/front_7th_chapter1-2-/node_modules/.pnpm/@vitest+runner@3.2.4/node_modules/@vitest/runner/dist/chunk-hooks.js:752:20"],"meta":{}},{"ancestorTitles":["일정 CRUD 및 기본 기능"],"fullName":"일정 CRUD 및 기본 기능 일정을 삭제하고 더 이상 조회되지 않는지 확인한다","status":"passed","title":"일정을 삭제하고 더 이상 조회되지 않는지 확인한다","duration":969.5458340000041,"failureMessages":[],"meta":{}},{"ancestorTitles":["일정 뷰"],"fullName":"일정 뷰 주별 뷰를 선택 후 해당 주에 일정이 없으면, 일정이 표시되지 않는다.","status":"failed","title":"주별 뷰를 선택 후 해당 주에 일정이 없으면, 일정이 표시되지 않는다.","duration":1461.7136249999967,"failureMessages":["TestingLibraryElementError: Unable to find an element with the text: 검색 결과가 없습니다.. This could be because the text is broken up by multiple elements. In this case, you can provide a function for your text matcher to make your matcher more flexible.\n\nIgnored nodes: comments, script, style\n\u001b[36m<div\u001b[39m\n  \u001b[33mclass\u001b[39m=\u001b[32m\"MuiStack-root css-13nct1l-MuiStack-root\"\u001b[39m\n  \u001b[33mdata-testid\u001b[39m=\u001b[32m\"event-list\"\u001b[39m\n\u001b[36m>\u001b[39m\n  \u001b[36m<div\u001b[39m\n    \u001b[33mclass\u001b[39m=\u001b[32m\"MuiFormControl-root MuiFormControl-fullWidth css-ytlejw-MuiFormControl-root\"\u001b[39m\n  \u001b[36m>\u001b[39m\n    \u001b[36m<label\u001b[39m\n      \u001b[33mclass\u001b[39m=\u001b[32m\"MuiFormLabel-root MuiFormLabel-colorPrimary css-nwsdb5-MuiFormLabel-root\"\u001b[39m\n      \u001b[33mfor\u001b[39m=\u001b[32m\"search\"\u001b[39m\n    \u001b[36m>\u001b[39m\n      \u001b[0m일정 검색\u001b[0m\n    \u001b[36m</label>\u001b[39m\n    \u001b[36m<div\u001b[39m\n      \u001b[33mclass\u001b[39m=\u001b[32m\"MuiFormControl-root MuiTextField-root css-1xp5r68-MuiFormControl-root-MuiTextField-root\"\u001b[39m\n    \u001b[36m>\u001b[39m\n      \u001b[36m<div\u001b[39m\n        \u001b[33mclass\u001b[39m=\u001b[32m\"MuiInputBase-root MuiOutlinedInput-root MuiInputBase-colorPrimary MuiInputBase-formControl MuiInputBase-sizeSmall css-quhxjy-MuiInputBase-root-MuiOutlinedInput-root\"\u001b[39m\n      \u001b[36m>\u001b[39m\n        \u001b[36m<input\u001b[39m\n          \u001b[33maria-invalid\u001b[39m=\u001b[32m\"false\"\u001b[39m\n          \u001b[33mclass\u001b[39m=\u001b[32m\"MuiInputBase-input MuiOutlinedInput-input MuiInputBase-inputSizeSmall css-1pzfmz2-MuiInputBase-input-MuiOutlinedInput-input\"\u001b[39m\n          \u001b[33mid\u001b[39m=\u001b[32m\"search\"\u001b[39m\n          \u001b[33mplaceholder\u001b[39m=\u001b[32m\"검색어를 입력하세요\"\u001b[39m\n          \u001b[33mtype\u001b[39m=\u001b[32m\"text\"\u001b[39m\n          \u001b[33mvalue\u001b[39m=\u001b[32m\"\"\u001b[39m\n        \u001b[36m/>\u001b[39m\n        \u001b[36m<fieldset\u001b[39m\n          \u001b[33maria-hidden\u001b[39m=\u001b[32m\"true\"\u001b[39m\n          \u001b[33mclass\u001b[39m=\u001b[32m\"MuiOutlinedInput-notchedOutline css-18p5xg2-MuiNotchedOutlined-root-MuiOutlinedInput-notchedOutline\"\u001b[39m\n        \u001b[36m>\u001b[39m\n          \u001b[36m<legend\u001b[39m\n            \u001b[33mclass\u001b[39m=\u001b[32m\"css-1nf2c5d-MuiNotchedOutlined-root\"\u001b[39m\n          \u001b[36m>\u001b[39m\n            \u001b[36m<span\u001b[39m\n              \u001b[33maria-hidden\u001b[39m=\u001b[32m\"true\"\u001b[39m\n              \u001b[33mclass\u001b[39m=\u001b[32m\"notranslate\"\u001b[39m\n            \u001b[36m>\u001b[39m\n              \u001b[0m​\u001b[0m\n            \u001b[36m</span>\u001b[39m\n          \u001b[36m</legend>\u001b[39m\n        \u001b[36m</fieldset>\u001b[39m\n      \u001b[36m</div>\u001b[39m\n    \u001b[36m</div>\u001b[39m\n  \u001b[36m</div>\u001b[39m\n  \u001b[36m<div\u001b[39m\n    \u001b[33mclass\u001b[39m=\u001b[32m\"MuiBox-root css-jtjz5h\"\u001b[39m\n  \u001b[36m>\u001b[39m\n    \u001b[36m<div\u001b[39m\n      \u001b[33mclass\u001b[39m=\u001b[32m\"MuiStack-root css-gmwslw-MuiStack-root\"\u001b[39m\n    \u001b[36m>\u001b[39m\n      \u001b[36m<div\u001b[39m\n        \u001b[33mclass\u001b[39m=\u001b[32m\"MuiStack-root css-nen11g-MuiStack-root\"\u001b[39m\n      \u001b[36m>\u001b[39m\n        \u001b[36m<div\u001b[39m\n          \u001b[33mclass\u001b[39m=\u001b[32m\"MuiStack-root css-kdc3n8-MuiStack-root\"\u001b[39m\n        \u001b[36m>\u001b[39m\n          \u001b[36m<p\u001b[39m\n            \u001b[33mclass\u001b[39m=\u001b[32m\"MuiTypography-root MuiTypography-body1 css-1te9x5l-MuiTypography-root\"\u001b[39m\n          \u001b[36m>\u001b[39m\n            \u001b[0m기존 회의\u001b[0m\n          \u001b[36m</p>\u001b[39m\n        \u001b[36m</div>\u001b[39m\n        \u001b[36m<p\u001b[39m\n          \u001b[33mclass\u001b[39m=\u001b[32m\"MuiTypography-root MuiTypography-body1 css-rizt0-MuiTypography-root\"\u001b[39m\n        \u001b[36m>\u001b[39m\n          \u001b[0m2025-10-15\u001b[0m\n        \u001b[36m</p>\u001b[39m\n        \u001b[36m<p\u001b[39m\n          \u001b[33mclass\u001b[39m=\u001b[32m\"MuiTypography-root MuiTypography-body1 css-rizt0-MuiTypography-root\"\u001b[39m\n        \u001b[36m>\u001b[39m\n          \u001b[0m09:00\u001b[0m\n          \u001b[0m - \u001b[0m\n          \u001b[0m10:00\u001b[0m\n        \u001b[36m</p>\u001b[39m\n        \u001b[36m<p\u001b[39m\n          \u001b[33mclass\u001b[39m=\u001b[32m\"MuiTypography-root MuiTypography-body1 css-rizt0-MuiTypography-root\"\u001b[39m\n        \u001b[36m>\u001b[39m\n          \u001b[0m기존 팀 미팅\u001b[0m\n        \u001b[36m</p>\u001b[39m\n        \u001b[36m<p\u001b[39m\n          \u001b[33mclass\u001b[39m=\u001b[32m\"MuiTypography-root MuiTypography-body1 css-rizt0-MuiTypography-root\"\u001b[39m\n        \u001b[36m>\u001b[39m\n          \u001b[0m회의실 B\u001b[0m\n        \u001b[36m</p>\u001b[39m\n        \u001b[36m<p\u001b[39m\n          \u001b[33mclass\u001b[39m=\u001b[32m\"MuiTypography-root MuiTypography-body1 css-rizt0-MuiTypography-root\"\u001b[39m\n        \u001b[36m>\u001b[39m\n          \u001b[0m카테고리: \u001b[0m\n          \u001b[0m업무\u001b[0m\n        \u001b[36m</p>\u001b[39m\n        \u001b[36m<p\u001b[39m\n          \u001b[33mclass\u001b[39m=\u001b[32m\"MuiTypography-root MuiTypography-body1 css-rizt0-MuiTypography-root\"\u001b[39m\n        \u001b[36m>\u001b[39m\n          \u001b[0m알림:\u001b[0m\n          \u001b[0m \u001b[0m\n          \u001b[0m10분 전\u001b[0m\n        \u001b[36m</p>\u001b[39m\n      \u001b[36m</div>\u001b[39m\n      \u001b[36m<div\u001b[39m\n        \u001b[33mclass\u001b[39m=\u001b[32m\"MuiStack-root css-nen11g-MuiStack-root\"\u001b[39m\n      \u001b[36m>\u001b[39m\n        \u001b[36m<button\u001b[39m\n          \u001b[33maria-label\u001b[39m=\u001b[32m\"Edit event\"\u001b[39m\n          \u001b[33mclass\u001b[39m=\u001b[32m\"MuiButtonBase-root MuiIconButton-root MuiIconButton-sizeMedium css-53g0n7-MuiButtonBase-root-MuiIconButton-root\"\u001b[39m\n          \u001b[33mtabindex\u001b[39m=\u001b[32m\"0\"\u001b[39m\n          \u001b[33mtype\u001b[39m=\u001b[32m\"button\"\u001b[39m\n        \u001b[36m>\u001b[39m\n          \u001b[36m<svg\u001b[39m\n            \u001b[33maria-hidden\u001b[39m=\u001b[32m\"true\"\u001b[39m\n            \u001b[33mclass\u001b[39m=\u001b[32m\"MuiSvgIcon-root MuiSvgIcon-fontSizeMedium css-1umw9bq-MuiSvgIcon-root\"\u001b[39m\n            \u001b[33mdata-testid\u001b[39m=\u001b[32m\"EditIcon\"\u001b[39m\n            \u001b[33mfocusable\u001b[39m=\u001b[32m\"false\"\u001b[39m\n            \u001b[33mviewBox\u001b[39m=\u001b[32m\"0 0 24 24\"\u001b[39m\n          \u001b[36m>\u001b[39m\n            \u001b[36m<path\u001b[39m\n              \u001b[33md\u001b[39m=\u001b[32m\"M3 17.25V21h3.75L17.81 9.94l-3.75-3.75zM20.71 7.04c.39-.39.39-1.02 0-1.41l-2.34-2.34a.996.996 0 0 0-1.41 0l-1.83 1.83 3.75 3.75z\"\u001b[39m\n            \u001b[36m/>\u001b[39m\n          \u001b[36m</svg>\u001b[39m\n        \u001b[36m</button>\u001b[39m\n        \u001b[36m<button\u001b[39m\n          \u001b[33maria-label\u001b[39m=\u001b[32m\"Delete event\"\u001b[39m\n          \u001b[33mclass\u001b[39m=\u001b[32m\"MuiButtonBase-root MuiIconButton-root MuiIconButton-sizeMedium css-53g0n7-MuiButtonBase-root-MuiIconButton-root\"\u001b[39m\n          \u001b[33mtabindex\u001b[39m=\u001b[32m\"0\"\u001b[39m\n          \u001b[33mtype\u001b[39m=\u001b[32m\"button\"\u001b[39m\n        \u001b[36m>\u001b[39m\n          \u001b[36m<svg\u001b[39m\n            \u001b[33maria-hidden\u001b[39m=\u001b[32m\"true\"\u001b[39m\n            \u001b[33mclass\u001b[39m=\u001b[32m\"MuiSvgIcon-root MuiSvgIcon-fontSizeMedium css-1umw9bq-MuiSvgIcon-root\"\u001b[39m\n            \u001b[33mdata-testid\u001b[39m=\u001b[32m\"DeleteIcon\"\u001b[39m\n            \u001b[33mfocusable\u001b[39m=\u001b[32m\"false\"\u001b[39m\n            \u001b[33mviewBox\u001b[39m=\u001b[32m\"0 0 24 24\"\u001b[39m\n          \u001b[36m>\u001b[39m\n            \u001b[36m<path\u001b[39m\n              \u001b[33md\u001b[39m=\u001b[32m\"M6 19c0 1.1.9 2 2 2h8c1.1 0 2-.9 2-2V7H6zM19 4h-3.5l-1-1h-5l-1 1H5v2h14z\"\u001b[39m\n            \u001b[36m/>\u001b[39m\n          \u001b[36m</svg>\u001b[39m\n        \u001b[36m</button>\u001b[39m\n      \u001b[36m</div>\u001b[39m\n    \u001b[36m</div>\u001b[39m\n  \u001b[36m</div>\u001b[39m\n\u001b[36m</div>\u001b[39m\n    at Object.getElementError (/Users/anjaehyeon/Desktop/hanghae-plus/front_7th_chapter1-2-/node_modules/.pnpm/@testing-library+dom@10.4.0/node_modules/@testing-library/dom/dist/config.js:37:19)\n    at /Users/anjaehyeon/Desktop/hanghae-plus/front_7th_chapter1-2-/node_modules/.pnpm/@testing-library+dom@10.4.0/node_modules/@testing-library/dom/dist/query-helpers.js:76:38\n    at /Users/anjaehyeon/Desktop/hanghae-plus/front_7th_chapter1-2-/node_modules/.pnpm/@testing-library+dom@10.4.0/node_modules/@testing-library/dom/dist/query-helpers.js:52:17\n    at getByText (/Users/anjaehyeon/Desktop/hanghae-plus/front_7th_chapter1-2-/node_modules/.pnpm/@testing-library+dom@10.4.0/node_modules/@testing-library/dom/dist/query-helpers.js:95:19)\n    at /Users/anjaehyeon/Desktop/hanghae-plus/front_7th_chapter1-2-/src/__tests__/medium.integration.spec.tsx:128:22\n    at file:///Users/anjaehyeon/Desktop/hanghae-plus/front_7th_chapter1-2-/node_modules/.pnpm/@vitest+runner@3.2.4/node_modules/@vitest/runner/dist/chunk-hooks.js:752:20"],"meta":{}},{"ancestorTitles":["일정 뷰"],"fullName":"일정 뷰 주별 뷰 선택 후 해당 일자에 일정이 존재한다면 해당 일정이 정확히 표시된다","status":"failed","title":"주별 뷰 선택 후 해당 일자에 일정이 존재한다면 해당 일정이 정확히 표시된다","duration":5166.888792000005,"failureMessages":["Error: STACK_TRACE_ERROR\n    at task (file:///Users/anjaehyeon/Desktop/hanghae-plus/front_7th_chapter1-2-/node_modules/.pnpm/@vitest+runner@3.2.4/node_modules/@vitest/runner/dist/chunk-hooks.js:638:27)\n    at Object.<anonymous> (file:///Users/anjaehyeon/Desktop/hanghae-plus/front_7th_chapter1-2-/node_modules/.pnpm/@vitest+runner@3.2.4/node_modules/@vitest/runner/dist/chunk-hooks.js:662:16)\n    at Object.<anonymous> (file:///Users/anjaehyeon/Desktop/hanghae-plus/front_7th_chapter1-2-/node_modules/.pnpm/@vitest+runner@3.2.4/node_modules/@vitest/runner/dist/chunk-hooks.js:458:28)\n    at it (file:///Users/anjaehyeon/Desktop/hanghae-plus/front_7th_chapter1-2-/node_modules/.pnpm/@vitest+runner@3.2.4/node_modules/@vitest/runner/dist/chunk-hooks.js:369:14)\n    at /Users/anjaehyeon/Desktop/hanghae-plus/front_7th_chapter1-2-/src/__tests__/medium.integration.spec.tsx:131:3\n    at file:///Users/anjaehyeon/Desktop/hanghae-plus/front_7th_chapter1-2-/node_modules/.pnpm/@vitest+runner@3.2.4/node_modules/@vitest/runner/dist/chunk-hooks.js:734:40\n    at runWithSuite (file:///Users/anjaehyeon/Desktop/hanghae-plus/front_7th_chapter1-2-/node_modules/.pnpm/@vitest+runner@3.2.4/node_modules/@vitest/runner/dist/chunk-hooks.js:1849:8)\n    at Object.collect (file:///Users/anjaehyeon/Desktop/hanghae-plus/front_7th_chapter1-2-/node_modules/.pnpm/@vitest+runner@3.2.4/node_modules/@vitest/runner/dist/chunk-hooks.js:734:10)\n    at Object.collect (file:///Users/anjaehyeon/Desktop/hanghae-plus/front_7th_chapter1-2-/node_modules/.pnpm/@vitest+runner@3.2.4/node_modules/@vitest/runner/dist/chunk-hooks.js:738:54)\n    at processTicksAndRejections (node:internal/process/task_queues:105:5)\n    at collectTests (file:///Users/anjaehyeon/Desktop/hanghae-plus/front_7th_chapter1-2-/node_modules/.pnpm/@vitest+runner@3.2.4/node_modules/@vitest/runner/dist/chunk-hooks.js:1179:25)\n    at startTests (file:///Users/anjaehyeon/Desktop/hanghae-plus/front_7th_chapter1-2-/node_modules/.pnpm/@vitest+runner@3.2.4/node_modules/@vitest/runner/dist/chunk-hooks.js:1817:17)\n    at file:///Users/anjaehyeon/Desktop/hanghae-plus/front_7th_chapter1-2-/node_modules/.pnpm/vitest@3.2.4_@types+node@22.18.8_@vitest+ui@3.2.4_jsdom@26.1.0_msw@2.10.3_@types+node@22.18.8_typescript@5.6.3_/node_modules/vitest/dist/chunks/runBaseTests.9Ij9_de-.js:117:26\n    at withEnv (file:///Users/anjaehyeon/Desktop/hanghae-plus/front_7th_chapter1-2-/node_modules/.pnpm/vitest@3.2.4_@types+node@22.18.8_@vitest+ui@3.2.4_jsdom@26.1.0_msw@2.10.3_@types+node@22.18.8_typescript@5.6.3_/node_modules/vitest/dist/chunks/runBaseTests.9Ij9_de-.js:84:3)\n    at run (file:///Users/anjaehyeon/Desktop/hanghae-plus/front_7th_chapter1-2-/node_modules/.pnpm/vitest@3.2.4_@types+node@22.18.8_@vitest+ui@3.2.4_jsdom@26.1.0_msw@2.10.3_@types+node@22.18.8_typescript@5.6.3_/node_modules/vitest/dist/chunks/runBaseTests.9Ij9_de-.js:109:2)"],"meta":{}},{"ancestorTitles":["일정 뷰"],"fullName":"일정 뷰 월별 뷰에 일정이 없으면, 일정이 표시되지 않아야 한다.","status":"failed","title":"월별 뷰에 일정이 없으면, 일정이 표시되지 않아야 한다.","duration":2969.7863329999964,"failureMessages":["TestingLibraryElementError: Unable to find an element with the text: 검색 결과가 없습니다.. This could be because the text is broken up by multiple elements. In this case, you can provide a function for your text matcher to make your matcher more flexible.\n\nIgnored nodes: comments, script, style\n\u001b[36m<div\u001b[39m\n  \u001b[33mclass\u001b[39m=\u001b[32m\"MuiStack-root css-13nct1l-MuiStack-root\"\u001b[39m\n  \u001b[33mdata-testid\u001b[39m=\u001b[32m\"event-list\"\u001b[39m\n\u001b[36m>\u001b[39m\n  \u001b[36m<div\u001b[39m\n    \u001b[33mclass\u001b[39m=\u001b[32m\"MuiFormControl-root MuiFormControl-fullWidth css-ytlejw-MuiFormControl-root\"\u001b[39m\n  \u001b[36m>\u001b[39m\n    \u001b[36m<label\u001b[39m\n      \u001b[33mclass\u001b[39m=\u001b[32m\"MuiFormLabel-root MuiFormLabel-colorPrimary css-nwsdb5-MuiFormLabel-root\"\u001b[39m\n      \u001b[33mfor\u001b[39m=\u001b[32m\"search\"\u001b[39m\n    \u001b[36m>\u001b[39m\n      \u001b[0m일정 검색\u001b[0m\n    \u001b[36m</label>\u001b[39m\n    \u001b[36m<div\u001b[39m\n      \u001b[33mclass\u001b[39m=\u001b[32m\"MuiFormControl-root MuiTextField-root css-1xp5r68-MuiFormControl-root-MuiTextField-root\"\u001b[39m\n    \u001b[36m>\u001b[39m\n      \u001b[36m<div\u001b[39m\n        \u001b[33mclass\u001b[39m=\u001b[32m\"MuiInputBase-root MuiOutlinedInput-root MuiInputBase-colorPrimary MuiInputBase-formControl MuiInputBase-sizeSmall css-quhxjy-MuiInputBase-root-MuiOutlinedInput-root\"\u001b[39m\n      \u001b[36m>\u001b[39m\n        \u001b[36m<input\u001b[39m\n          \u001b[33maria-invalid\u001b[39m=\u001b[32m\"false\"\u001b[39m\n          \u001b[33mclass\u001b[39m=\u001b[32m\"MuiInputBase-input MuiOutlinedInput-input MuiInputBase-inputSizeSmall css-1pzfmz2-MuiInputBase-input-MuiOutlinedInput-input\"\u001b[39m\n          \u001b[33mid\u001b[39m=\u001b[32m\"search\"\u001b[39m\n          \u001b[33mplaceholder\u001b[39m=\u001b[32m\"검색어를 입력하세요\"\u001b[39m\n          \u001b[33mtype\u001b[39m=\u001b[32m\"text\"\u001b[39m\n          \u001b[33mvalue\u001b[39m=\u001b[32m\"\"\u001b[39m\n        \u001b[36m/>\u001b[39m\n        \u001b[36m<fieldset\u001b[39m\n          \u001b[33maria-hidden\u001b[39m=\u001b[32m\"true\"\u001b[39m\n          \u001b[33mclass\u001b[39m=\u001b[32m\"MuiOutlinedInput-notchedOutline css-18p5xg2-MuiNotchedOutlined-root-MuiOutlinedInput-notchedOutline\"\u001b[39m\n        \u001b[36m>\u001b[39m\n          \u001b[36m<legend\u001b[39m\n            \u001b[33mclass\u001b[39m=\u001b[32m\"css-1nf2c5d-MuiNotchedOutlined-root\"\u001b[39m\n          \u001b[36m>\u001b[39m\n            \u001b[36m<span\u001b[39m\n              \u001b[33maria-hidden\u001b[39m=\u001b[32m\"true\"\u001b[39m\n              \u001b[33mclass\u001b[39m=\u001b[32m\"notranslate\"\u001b[39m\n            \u001b[36m>\u001b[39m\n              \u001b[0m​\u001b[0m\n            \u001b[36m</span>\u001b[39m\n          \u001b[36m</legend>\u001b[39m\n        \u001b[36m</fieldset>\u001b[39m\n      \u001b[36m</div>\u001b[39m\n    \u001b[36m</div>\u001b[39m\n  \u001b[36m</div>\u001b[39m\n  \u001b[36m<div\u001b[39m\n    \u001b[33mclass\u001b[39m=\u001b[32m\"MuiBox-root css-jtjz5h\"\u001b[39m\n  \u001b[36m>\u001b[39m\n    \u001b[36m<div\u001b[39m\n      \u001b[33mclass\u001b[39m=\u001b[32m\"MuiStack-root css-gmwslw-MuiStack-root\"\u001b[39m\n    \u001b[36m>\u001b[39m\n      \u001b[36m<div\u001b[39m\n        \u001b[33mclass\u001b[39m=\u001b[32m\"MuiStack-root css-nen11g-MuiStack-root\"\u001b[39m\n      \u001b[36m>\u001b[39m\n        \u001b[36m<div\u001b[39m\n          \u001b[33mclass\u001b[39m=\u001b[32m\"MuiStack-root css-kdc3n8-MuiStack-root\"\u001b[39m\n        \u001b[36m>\u001b[39m\n          \u001b[36m<p\u001b[39m\n            \u001b[33mclass\u001b[39m=\u001b[32m\"MuiTypography-root MuiTypography-body1 css-1te9x5l-MuiTypography-root\"\u001b[39m\n          \u001b[36m>\u001b[39m\n            \u001b[0m기존 회의\u001b[0m\n          \u001b[36m</p>\u001b[39m\n        \u001b[36m</div>\u001b[39m\n        \u001b[36m<p\u001b[39m\n          \u001b[33mclass\u001b[39m=\u001b[32m\"MuiTypography-root MuiTypography-body1 css-rizt0-MuiTypography-root\"\u001b[39m\n        \u001b[36m>\u001b[39m\n          \u001b[0m2025-10-15\u001b[0m\n        \u001b[36m</p>\u001b[39m\n        \u001b[36m<p\u001b[39m\n          \u001b[33mclass\u001b[39m=\u001b[32m\"MuiTypography-root MuiTypography-body1 css-rizt0-MuiTypography-root\"\u001b[39m\n        \u001b[36m>\u001b[39m\n          \u001b[0m09:00\u001b[0m\n          \u001b[0m - \u001b[0m\n          \u001b[0m10:00\u001b[0m\n        \u001b[36m</p>\u001b[39m\n        \u001b[36m<p\u001b[39m\n          \u001b[33mclass\u001b[39m=\u001b[32m\"MuiTypography-root MuiTypography-body1 css-rizt0-MuiTypography-root\"\u001b[39m\n        \u001b[36m>\u001b[39m\n          \u001b[0m기존 팀 미팅\u001b[0m\n        \u001b[36m</p>\u001b[39m\n        \u001b[36m<p\u001b[39m\n          \u001b[33mclass\u001b[39m=\u001b[32m\"MuiTypography-root MuiTypography-body1 css-rizt0-MuiTypography-root\"\u001b[39m\n        \u001b[36m>\u001b[39m\n          \u001b[0m회의실 B\u001b[0m\n        \u001b[36m</p>\u001b[39m\n        \u001b[36m<p\u001b[39m\n          \u001b[33mclass\u001b[39m=\u001b[32m\"MuiTypography-root MuiTypography-body1 css-rizt0-MuiTypography-root\"\u001b[39m\n        \u001b[36m>\u001b[39m\n          \u001b[0m카테고리: \u001b[0m\n          \u001b[0m업무\u001b[0m\n        \u001b[36m</p>\u001b[39m\n        \u001b[36m<p\u001b[39m\n          \u001b[33mclass\u001b[39m=\u001b[32m\"MuiTypography-root MuiTypography-body1 css-rizt0-MuiTypography-root\"\u001b[39m\n        \u001b[36m>\u001b[39m\n          \u001b[0m알림:\u001b[0m\n          \u001b[0m \u001b[0m\n          \u001b[0m10분 전\u001b[0m\n        \u001b[36m</p>\u001b[39m\n      \u001b[36m</div>\u001b[39m\n      \u001b[36m<div\u001b[39m\n        \u001b[33mclass\u001b[39m=\u001b[32m\"MuiStack-root css-nen11g-MuiStack-root\"\u001b[39m\n      \u001b[36m>\u001b[39m\n        \u001b[36m<button\u001b[39m\n          \u001b[33maria-label\u001b[39m=\u001b[32m\"Edit event\"\u001b[39m\n          \u001b[33mclass\u001b[39m=\u001b[32m\"MuiButtonBase-root MuiIconButton-root MuiIconButton-sizeMedium css-53g0n7-MuiButtonBase-root-MuiIconButton-root\"\u001b[39m\n          \u001b[33mtabindex\u001b[39m=\u001b[32m\"0\"\u001b[39m\n          \u001b[33mtype\u001b[39m=\u001b[32m\"button\"\u001b[39m\n        \u001b[36m>\u001b[39m\n          \u001b[36m<svg\u001b[39m\n            \u001b[33maria-hidden\u001b[39m=\u001b[32m\"true\"\u001b[39m\n            \u001b[33mclass\u001b[39m=\u001b[32m\"MuiSvgIcon-root MuiSvgIcon-fontSizeMedium css-1umw9bq-MuiSvgIcon-root\"\u001b[39m\n            \u001b[33mdata-testid\u001b[39m=\u001b[32m\"EditIcon\"\u001b[39m\n            \u001b[33mfocusable\u001b[39m=\u001b[32m\"false\"\u001b[39m\n            \u001b[33mviewBox\u001b[39m=\u001b[32m\"0 0 24 24\"\u001b[39m\n          \u001b[36m>\u001b[39m\n            \u001b[36m<path\u001b[39m\n              \u001b[33md\u001b[39m=\u001b[32m\"M3 17.25V21h3.75L17.81 9.94l-3.75-3.75zM20.71 7.04c.39-.39.39-1.02 0-1.41l-2.34-2.34a.996.996 0 0 0-1.41 0l-1.83 1.83 3.75 3.75z\"\u001b[39m\n            \u001b[36m/>\u001b[39m\n          \u001b[36m</svg>\u001b[39m\n        \u001b[36m</button>\u001b[39m\n        \u001b[36m<button\u001b[39m\n          \u001b[33maria-label\u001b[39m=\u001b[32m\"Delete event\"\u001b[39m\n          \u001b[33mclass\u001b[39m=\u001b[32m\"MuiButtonBase-root MuiIconButton-root MuiIconButton-sizeMedium css-53g0n7-MuiButtonBase-root-MuiIconButton-root\"\u001b[39m\n          \u001b[33mtabindex\u001b[39m=\u001b[32m\"0\"\u001b[39m\n          \u001b[33mtype\u001b[39m=\u001b[32m\"button\"\u001b[39m\n        \u001b[36m>\u001b[39m\n          \u001b[36m<svg\u001b[39m\n            \u001b[33maria-hidden\u001b[39m=\u001b[32m\"true\"\u001b[39m\n            \u001b[33mclass\u001b[39m=\u001b[32m\"MuiSvgIcon-root MuiSvgIcon-fontSizeMedium css-1umw9bq-MuiSvgIcon-root\"\u001b[39m\n            \u001b[33mdata-testid\u001b[39m=\u001b[32m\"DeleteIcon\"\u001b[39m\n            \u001b[33mfocusable\u001b[39m=\u001b[32m\"false\"\u001b[39m\n            \u001b[33mviewBox\u001b[39m=\u001b[32m\"0 0 24 24\"\u001b[39m\n          \u001b[36m>\u001b[39m\n            \u001b[36m<path\u001b[39m\n              \u001b[33md\u001b[39m=\u001b[32m\"M6 19c0 1.1.9 2 2 2h8c1.1 0 2-.9 2-2V7H6zM19 4h-3.5l-1-1h-5l-1 1H5v2h14z\"\u001b[39m\n            \u001b[36m/>\u001b[39m\n          \u001b[36m</svg>\u001b[39m\n        \u001b[36m</button>\u001b[39m\n      \u001b[36m</div>\u001b[39m\n    \u001b[36m</div>\u001b[39m\n  \u001b[36m</div>\u001b[39m\n\u001b[36m</div>\u001b[39m\n    at Object.getElementError (/Users/anjaehyeon/Desktop/hanghae-plus/front_7th_chapter1-2-/node_modules/.pnpm/@testing-library+dom@10.4.0/node_modules/@testing-library/dom/dist/config.js:37:19)\n    at /Users/anjaehyeon/Desktop/hanghae-plus/front_7th_chapter1-2-/node_modules/.pnpm/@testing-library+dom@10.4.0/node_modules/@testing-library/dom/dist/query-helpers.js:76:38\n    at /Users/anjaehyeon/Desktop/hanghae-plus/front_7th_chapter1-2-/node_modules/.pnpm/@testing-library+dom@10.4.0/node_modules/@testing-library/dom/dist/query-helpers.js:52:17\n    at getByText (/Users/anjaehyeon/Desktop/hanghae-plus/front_7th_chapter1-2-/node_modules/.pnpm/@testing-library+dom@10.4.0/node_modules/@testing-library/dom/dist/query-helpers.js:95:19)\n    at /Users/anjaehyeon/Desktop/hanghae-plus/front_7th_chapter1-2-/src/__tests__/medium.integration.spec.tsx:161:22\n    at runNextTicks (node:internal/process/task_queues:65:5)\n    at processTimers (node:internal/timers:526:9)\n    at file:///Users/anjaehyeon/Desktop/hanghae-plus/front_7th_chapter1-2-/node_modules/.pnpm/@vitest+runner@3.2.4/node_modules/@vitest/runner/dist/chunk-hooks.js:752:20"],"meta":{}},{"ancestorTitles":["일정 뷰"],"fullName":"일정 뷰 월별 뷰에 일정이 정확히 표시되는지 확인한다","status":"failed","title":"월별 뷰에 일정이 정확히 표시되는지 확인한다","duration":5096.110208999991,"failureMessages":["Error: STACK_TRACE_ERROR\n    at task (file:///Users/anjaehyeon/Desktop/hanghae-plus/front_7th_chapter1-2-/node_modules/.pnpm/@vitest+runner@3.2.4/node_modules/@vitest/runner/dist/chunk-hooks.js:638:27)\n    at Object.<anonymous> (file:///Users/anjaehyeon/Desktop/hanghae-plus/front_7th_chapter1-2-/node_modules/.pnpm/@vitest+runner@3.2.4/node_modules/@vitest/runner/dist/chunk-hooks.js:662:16)\n    at Object.<anonymous> (file:///Users/anjaehyeon/Desktop/hanghae-plus/front_7th_chapter1-2-/node_modules/.pnpm/@vitest+runner@3.2.4/node_modules/@vitest/runner/dist/chunk-hooks.js:458:28)\n    at it (file:///Users/anjaehyeon/Desktop/hanghae-plus/front_7th_chapter1-2-/node_modules/.pnpm/@vitest+runner@3.2.4/node_modules/@vitest/runner/dist/chunk-hooks.js:369:14)\n    at /Users/anjaehyeon/Desktop/hanghae-plus/front_7th_chapter1-2-/src/__tests__/medium.integration.spec.tsx:164:3\n    at file:///Users/anjaehyeon/Desktop/hanghae-plus/front_7th_chapter1-2-/node_modules/.pnpm/@vitest+runner@3.2.4/node_modules/@vitest/runner/dist/chunk-hooks.js:734:40\n    at runWithSuite (file:///Users/anjaehyeon/Desktop/hanghae-plus/front_7th_chapter1-2-/node_modules/.pnpm/@vitest+runner@3.2.4/node_modules/@vitest/runner/dist/chunk-hooks.js:1849:8)\n    at Object.collect (file:///Users/anjaehyeon/Desktop/hanghae-plus/front_7th_chapter1-2-/node_modules/.pnpm/@vitest+runner@3.2.4/node_modules/@vitest/runner/dist/chunk-hooks.js:734:10)\n    at Object.collect (file:///Users/anjaehyeon/Desktop/hanghae-plus/front_7th_chapter1-2-/node_modules/.pnpm/@vitest+runner@3.2.4/node_modules/@vitest/runner/dist/chunk-hooks.js:738:54)\n    at processTicksAndRejections (node:internal/process/task_queues:105:5)\n    at collectTests (file:///Users/anjaehyeon/Desktop/hanghae-plus/front_7th_chapter1-2-/node_modules/.pnpm/@vitest+runner@3.2.4/node_modules/@vitest/runner/dist/chunk-hooks.js:1179:25)\n    at startTests (file:///Users/anjaehyeon/Desktop/hanghae-plus/front_7th_chapter1-2-/node_modules/.pnpm/@vitest+runner@3.2.4/node_modules/@vitest/runner/dist/chunk-hooks.js:1817:17)\n    at file:///Users/anjaehyeon/Desktop/hanghae-plus/front_7th_chapter1-2-/node_modules/.pnpm/vitest@3.2.4_@types+node@22.18.8_@vitest+ui@3.2.4_jsdom@26.1.0_msw@2.10.3_@types+node@22.18.8_typescript@5.6.3_/node_modules/vitest/dist/chunks/runBaseTests.9Ij9_de-.js:117:26\n    at withEnv (file:///Users/anjaehyeon/Desktop/hanghae-plus/front_7th_chapter1-2-/node_modules/.pnpm/vitest@3.2.4_@types+node@22.18.8_@vitest+ui@3.2.4_jsdom@26.1.0_msw@2.10.3_@types+node@22.18.8_typescript@5.6.3_/node_modules/vitest/dist/chunks/runBaseTests.9Ij9_de-.js:84:3)\n    at run (file:///Users/anjaehyeon/Desktop/hanghae-plus/front_7th_chapter1-2-/node_modules/.pnpm/vitest@3.2.4_@types+node@22.18.8_@vitest+ui@3.2.4_jsdom@26.1.0_msw@2.10.3_@types+node@22.18.8_typescript@5.6.3_/node_modules/vitest/dist/chunks/runBaseTests.9Ij9_de-.js:109:2)"],"meta":{}},{"ancestorTitles":["일정 뷰"],"fullName":"일정 뷰 달력에 1월 1일(신정)이 공휴일로 표시되는지 확인한다","status":"passed","title":"달력에 1월 1일(신정)이 공휴일로 표시되는지 확인한다","duration":289.3041660000017,"failureMessages":[],"meta":{}},{"ancestorTitles":["검색 기능"],"fullName":"검색 기능 검색 결과가 없으면, \"검색 결과가 없습니다.\"가 표시되어야 한다.","status":"failed","title":"검색 결과가 없으면, \"검색 결과가 없습니다.\"가 표시되어야 한다.","duration":1039.1719579999917,"failureMessages":["TestingLibraryElementError: Unable to find an element by: [data-testid=\"event-list\"]\n\nIgnored nodes: comments, script, style\n\u001b[36m<body\u001b[39m\n  \u001b[33mstyle\u001b[39m=\u001b[32m\"\"\u001b[39m\n\u001b[36m>\u001b[39m\n  \u001b[36m<div />\u001b[39m\n\u001b[36m</body>\u001b[39m\n    at Object.getElementError (/Users/anjaehyeon/Desktop/hanghae-plus/front_7th_chapter1-2-/node_modules/.pnpm/@testing-library+dom@10.4.0/node_modules/@testing-library/dom/dist/config.js:37:19)\n    at /Users/anjaehyeon/Desktop/hanghae-plus/front_7th_chapter1-2-/node_modules/.pnpm/@testing-library+dom@10.4.0/node_modules/@testing-library/dom/dist/query-helpers.js:76:38\n    at /Users/anjaehyeon/Desktop/hanghae-plus/front_7th_chapter1-2-/node_modules/.pnpm/@testing-library+dom@10.4.0/node_modules/@testing-library/dom/dist/query-helpers.js:52:17\n    at getByTestId (/Users/anjaehyeon/Desktop/hanghae-plus/front_7th_chapter1-2-/node_modules/.pnpm/@testing-library+dom@10.4.0/node_modules/@testing-library/dom/dist/query-helpers.js:95:19)\n    at /Users/anjaehyeon/Desktop/hanghae-plus/front_7th_chapter1-2-/src/__tests__/medium.integration.spec.tsx:240:37\n    at file:///Users/anjaehyeon/Desktop/hanghae-plus/front_7th_chapter1-2-/node_modules/.pnpm/@vitest+runner@3.2.4/node_modules/@vitest/runner/dist/chunk-hooks.js:752:20"],"meta":{}},{"ancestorTitles":["검색 기능"],"fullName":"검색 기능 '팀 회의'를 검색하면 해당 제목을 가진 일정이 리스트에 노출된다","status":"failed","title":"'팀 회의'를 검색하면 해당 제목을 가진 일정이 리스트에 노출된다","duration":311.7549169999984,"failureMessages":["TestingLibraryElementError: Unable to find an element by: [data-testid=\"event-list\"]\n\nIgnored nodes: comments, script, style\n\u001b[36m<body\u001b[39m\n  \u001b[33mstyle\u001b[39m=\u001b[32m\"\"\u001b[39m\n\u001b[36m>\u001b[39m\n  \u001b[36m<div />\u001b[39m\n\u001b[36m</body>\u001b[39m\n    at Object.getElementError (/Users/anjaehyeon/Desktop/hanghae-plus/front_7th_chapter1-2-/node_modules/.pnpm/@testing-library+dom@10.4.0/node_modules/@testing-library/dom/dist/config.js:37:19)\n    at /Users/anjaehyeon/Desktop/hanghae-plus/front_7th_chapter1-2-/node_modules/.pnpm/@testing-library+dom@10.4.0/node_modules/@testing-library/dom/dist/query-helpers.js:76:38\n    at /Users/anjaehyeon/Desktop/hanghae-plus/front_7th_chapter1-2-/node_modules/.pnpm/@testing-library+dom@10.4.0/node_modules/@testing-library/dom/dist/query-helpers.js:52:17\n    at getByTestId (/Users/anjaehyeon/Desktop/hanghae-plus/front_7th_chapter1-2-/node_modules/.pnpm/@testing-library+dom@10.4.0/node_modules/@testing-library/dom/dist/query-helpers.js:95:19)\n    at /Users/anjaehyeon/Desktop/hanghae-plus/front_7th_chapter1-2-/src/__tests__/medium.integration.spec.tsx:250:37\n    at file:///Users/anjaehyeon/Desktop/hanghae-plus/front_7th_chapter1-2-/node_modules/.pnpm/@vitest+runner@3.2.4/node_modules/@vitest/runner/dist/chunk-hooks.js:752:20"],"meta":{}},{"ancestorTitles":["검색 기능"],"fullName":"검색 기능 검색어를 지우면 모든 일정이 다시 표시되어야 한다","status":"failed","title":"검색어를 지우면 모든 일정이 다시 표시되어야 한다","duration":249.18812500000058,"failureMessages":["Error: The element to be cleared could not be focused.\n    at Object.clear (file:///Users/anjaehyeon/Desktop/hanghae-plus/front_7th_chapter1-2-/node_modules/.pnpm/@testing-library+user-event@14.5.2_@testing-library+dom@10.4.0/node_modules/@testing-library/user-event/dist/esm/utility/clear.js:26:15)\n    at file:///Users/anjaehyeon/Desktop/hanghae-plus/front_7th_chapter1-2-/node_modules/.pnpm/@testing-library+user-event@14.5.2_@testing-library+dom@10.4.0/node_modules/@testing-library/user-event/dist/esm/setup/setup.js:83:35\n    at Object.asyncWrapper (/Users/anjaehyeon/Desktop/hanghae-plus/front_7th_chapter1-2-/node_modules/.pnpm/@testing-library+react@16.3.0_@testing-library+dom@10.4.0_@types+react-dom@19.1.6_@types+reac_xbibouo3qhqieqksamtrr6yyp4/node_modules/@testing-library/react/dist/pure.js:88:28)\n    at wrapAsync (file:///Users/anjaehyeon/Desktop/hanghae-plus/front_7th_chapter1-2-/node_modules/.pnpm/@testing-library+user-event@14.5.2_@testing-library+dom@10.4.0/node_modules/@testing-library/user-event/dist/esm/setup/wrapAsync.js:6:24)\n    at Object.clear (file:///Users/anjaehyeon/Desktop/hanghae-plus/front_7th_chapter1-2-/node_modules/.pnpm/@testing-library+user-event@14.5.2_@testing-library+dom@10.4.0/node_modules/@testing-library/user-event/dist/esm/setup/setup.js:83:16)\n    at /Users/anjaehyeon/Desktop/hanghae-plus/front_7th_chapter1-2-/src/__tests__/medium.integration.spec.tsx:259:16\n    at file:///Users/anjaehyeon/Desktop/hanghae-plus/front_7th_chapter1-2-/node_modules/.pnpm/@vitest+runner@3.2.4/node_modules/@vitest/runner/dist/chunk-hooks.js:752:20"],"meta":{}},{"ancestorTitles":["일정 충돌"],"fullName":"일정 충돌 겹치는 시간에 새 일정을 추가할 때 경고가 표시된다","status":"passed","title":"겹치는 시간에 새 일정을 추가할 때 경고가 표시된다","duration":2256.863750000004,"failureMessages":[],"meta":{}},{"ancestorTitles":["일정 충돌"],"fullName":"일정 충돌 기존 일정의 시간을 수정하여 충돌이 발생하면 경고가 노출된다","status":"failed","title":"기존 일정의 시간을 수정하여 충돌이 발생하면 경고가 노출된다","duration":6038.733165999991,"failureMessages":["Error: STACK_TRACE_ERROR\n    at task (file:///Users/anjaehyeon/Desktop/hanghae-plus/front_7th_chapter1-2-/node_modules/.pnpm/@vitest+runner@3.2.4/node_modules/@vitest/runner/dist/chunk-hooks.js:638:27)\n    at Object.<anonymous> (file:///Users/anjaehyeon/Desktop/hanghae-plus/front_7th_chapter1-2-/node_modules/.pnpm/@vitest+runner@3.2.4/node_modules/@vitest/runner/dist/chunk-hooks.js:662:16)\n    at Object.<anonymous> (file:///Users/anjaehyeon/Desktop/hanghae-plus/front_7th_chapter1-2-/node_modules/.pnpm/@vitest+runner@3.2.4/node_modules/@vitest/runner/dist/chunk-hooks.js:458:28)\n    at it (file:///Users/anjaehyeon/Desktop/hanghae-plus/front_7th_chapter1-2-/node_modules/.pnpm/@vitest+runner@3.2.4/node_modules/@vitest/runner/dist/chunk-hooks.js:369:14)\n    at /Users/anjaehyeon/Desktop/hanghae-plus/front_7th_chapter1-2-/src/__tests__/medium.integration.spec.tsx:305:3\n    at file:///Users/anjaehyeon/Desktop/hanghae-plus/front_7th_chapter1-2-/node_modules/.pnpm/@vitest+runner@3.2.4/node_modules/@vitest/runner/dist/chunk-hooks.js:734:40\n    at runWithSuite (file:///Users/anjaehyeon/Desktop/hanghae-plus/front_7th_chapter1-2-/node_modules/.pnpm/@vitest+runner@3.2.4/node_modules/@vitest/runner/dist/chunk-hooks.js:1849:8)\n    at Object.collect (file:///Users/anjaehyeon/Desktop/hanghae-plus/front_7th_chapter1-2-/node_modules/.pnpm/@vitest+runner@3.2.4/node_modules/@vitest/runner/dist/chunk-hooks.js:734:10)\n    at Object.collect (file:///Users/anjaehyeon/Desktop/hanghae-plus/front_7th_chapter1-2-/node_modules/.pnpm/@vitest+runner@3.2.4/node_modules/@vitest/runner/dist/chunk-hooks.js:738:54)\n    at processTicksAndRejections (node:internal/process/task_queues:105:5)\n    at collectTests (file:///Users/anjaehyeon/Desktop/hanghae-plus/front_7th_chapter1-2-/node_modules/.pnpm/@vitest+runner@3.2.4/node_modules/@vitest/runner/dist/chunk-hooks.js:1179:25)\n    at startTests (file:///Users/anjaehyeon/Desktop/hanghae-plus/front_7th_chapter1-2-/node_modules/.pnpm/@vitest+runner@3.2.4/node_modules/@vitest/runner/dist/chunk-hooks.js:1817:17)\n    at file:///Users/anjaehyeon/Desktop/hanghae-plus/front_7th_chapter1-2-/node_modules/.pnpm/vitest@3.2.4_@types+node@22.18.8_@vitest+ui@3.2.4_jsdom@26.1.0_msw@2.10.3_@types+node@22.18.8_typescript@5.6.3_/node_modules/vitest/dist/chunks/runBaseTests.9Ij9_de-.js:117:26\n    at withEnv (file:///Users/anjaehyeon/Desktop/hanghae-plus/front_7th_chapter1-2-/node_modules/.pnpm/vitest@3.2.4_@types+node@22.18.8_@vitest+ui@3.2.4_jsdom@26.1.0_msw@2.10.3_@types+node@22.18.8_typescript@5.6.3_/node_modules/vitest/dist/chunks/runBaseTests.9Ij9_de-.js:84:3)\n    at run (file:///Users/anjaehyeon/Desktop/hanghae-plus/front_7th_chapter1-2-/node_modules/.pnpm/vitest@3.2.4_@types+node@22.18.8_@vitest+ui@3.2.4_jsdom@26.1.0_msw@2.10.3_@types+node@22.18.8_typescript@5.6.3_/node_modules/vitest/dist/chunks/runBaseTests.9Ij9_de-.js:109:2)"],"meta":{}},{"ancestorTitles":[],"fullName":"notificationTime을 10으로 하면 지정 시간 10분 전 알람 텍스트가 노출된다","status":"passed","title":"notificationTime을 10으로 하면 지정 시간 10분 전 알람 텍스트가 노출된다","duration":3095.336249999993,"failureMessages":[],"meta":{}}],"startTime":1761924566123,"endTime":1761924603567.3362,"status":"failed","message":"","name":"/Users/anjaehyeon/Desktop/hanghae-plus/front_7th_chapter1-2-/src/__tests__/medium.integration.spec.tsx"},{"assertionResults":[{"ancestorTitles":["초기 상태"],"fullName":"초기 상태 view는 \"month\"이어야 한다","status":"passed","title":"view는 \"month\"이어야 한다","duration":25.856582999999773,"failureMessages":[],"meta":{}},{"ancestorTitles":["초기 상태"],"fullName":"초기 상태 currentDate는 오늘 날짜인 \"2025-10-01\"이어야 한다","status":"passed","title":"currentDate는 오늘 날짜인 \"2025-10-01\"이어야 한다","duration":3.656958000000486,"failureMessages":[],"meta":{}},{"ancestorTitles":["초기 상태"],"fullName":"초기 상태 holidays는 10월 휴일인 개천절, 한글날, 추석이 지정되어 있어야 한다","status":"passed","title":"holidays는 10월 휴일인 개천절, 한글날, 추석이 지정되어 있어야 한다","duration":6.312708000000384,"failureMessages":[],"meta":{}},{"ancestorTitles":[],"fullName":"view를 'week'으로 변경 시 적절하게 반영된다","status":"passed","title":"view를 'week'으로 변경 시 적절하게 반영된다","duration":4.252666999999747,"failureMessages":[],"meta":{}},{"ancestorTitles":[],"fullName":"주간 뷰에서 다음으로 navigate시 7일 후 '2025-10-08' 날짜로 지정이 된다","status":"passed","title":"주간 뷰에서 다음으로 navigate시 7일 후 '2025-10-08' 날짜로 지정이 된다","duration":4.429957999999715,"failureMessages":[],"meta":{}},{"ancestorTitles":[],"fullName":"주간 뷰에서 이전으로 navigate시 7일 후 '2025-09-24' 날짜로 지정이 된다","status":"passed","title":"주간 뷰에서 이전으로 navigate시 7일 후 '2025-09-24' 날짜로 지정이 된다","duration":1.552042000000256,"failureMessages":[],"meta":{}},{"ancestorTitles":[],"fullName":"월간 뷰에서 다음으로 navigate시 한 달 후 '2025-11-01' 날짜여야 한다","status":"passed","title":"월간 뷰에서 다음으로 navigate시 한 달 후 '2025-11-01' 날짜여야 한다","duration":2.252124999999978,"failureMessages":[],"meta":{}},{"ancestorTitles":[],"fullName":"월간 뷰에서 이전으로 navigate시 한 달 전 '2025-09-01' 날짜여야 한다","status":"passed","title":"월간 뷰에서 이전으로 navigate시 한 달 전 '2025-09-01' 날짜여야 한다","duration":1.2489590000004682,"failureMessages":[],"meta":{}},{"ancestorTitles":[],"fullName":"currentDate가 '2025-03-01' 변경되면 3월 휴일 '삼일절'로 업데이트되어야 한다","status":"passed","title":"currentDate가 '2025-03-01' 변경되면 3월 휴일 '삼일절'로 업데이트되어야 한다","duration":2.8147500000004584,"failureMessages":[],"meta":{}}],"startTime":1761924682643,"endTime":1761924682695.8147,"status":"passed","message":"","name":"/Users/anjaehyeon/Desktop/hanghae-plus/front_7th_chapter1-2-/src/__tests__/hooks/easy.useCalendarView.spec.ts"},{"assertionResults":[{"ancestorTitles":[],"fullName":"검색어가 비어있을 때 모든 이벤트를 반환해야 한다","status":"passed","title":"검색어가 비어있을 때 모든 이벤트를 반환해야 한다","duration":22.939957999999933,"failureMessages":[],"meta":{}},{"ancestorTitles":[],"fullName":"검색어에 맞는 이벤트만 필터링해야 한다","status":"passed","title":"검색어에 맞는 이벤트만 필터링해야 한다","duration":3.694374999999127,"failureMessages":[],"meta":{}},{"ancestorTitles":[],"fullName":"검색어가 제목, 설명, 위치 중 하나라도 일치하면 해당 이벤트를 반환해야 한다","status":"passed","title":"검색어가 제목, 설명, 위치 중 하나라도 일치하면 해당 이벤트를 반환해야 한다","duration":5.244666000000507,"failureMessages":[],"meta":{}},{"ancestorTitles":[],"fullName":"현재 뷰(주간/월간)에 해당하는 이벤트만 반환해야 한다","status":"passed","title":"현재 뷰(주간/월간)에 해당하는 이벤트만 반환해야 한다","duration":3.3540830000001733,"failureMessages":[],"meta":{}},{"ancestorTitles":[],"fullName":"검색어를 '회의'에서 '점심'으로 변경하면 필터링된 결과가 즉시 업데이트되어야 한다","status":"passed","title":"검색어를 '회의'에서 '점심'으로 변경하면 필터링된 결과가 즉시 업데이트되어야 한다","duration":9.077500000000327,"failureMessages":[],"meta":{}}],"startTime":1761924682629,"endTime":1761924682673.0774,"status":"passed","message":"","name":"/Users/anjaehyeon/Desktop/hanghae-plus/front_7th_chapter1-2-/src/__tests__/hooks/easy.useSearch.spec.ts"},{"assertionResults":[{"ancestorTitles":[],"fullName":"저장되어있는 초기 이벤트 데이터를 적절하게 불러온다","status":"passed","title":"저장되어있는 초기 이벤트 데이터를 적절하게 불러온다","duration":106.02025000000049,"failureMessages":[],"meta":{}},{"ancestorTitles":[],"fullName":"정의된 이벤트 정보를 기준으로 적절하게 저장이 된다","status":"passed","title":"정의된 이벤트 정보를 기준으로 적절하게 저장이 된다","duration":28.713582999999744,"failureMessages":[],"meta":{}},{"ancestorTitles":[],"fullName":"새로 정의된 'title', 'endTime' 기준으로 적절하게 일정이 업데이트 된다","status":"passed","title":"새로 정의된 'title', 'endTime' 기준으로 적절하게 일정이 업데이트 된다","duration":7.060292000000118,"failureMessages":[],"meta":{}},{"ancestorTitles":[],"fullName":"존재하는 이벤트 삭제 시 에러없이 아이템이 삭제된다.","status":"passed","title":"존재하는 이벤트 삭제 시 에러없이 아이템이 삭제된다.","duration":5.031332999999904,"failureMessages":[],"meta":{}},{"ancestorTitles":[],"fullName":"이벤트 로딩 실패 시 '이벤트 로딩 실패'라는 텍스트와 함께 에러 토스트가 표시되어야 한다","status":"passed","title":"이벤트 로딩 실패 시 '이벤트 로딩 실패'라는 텍스트와 함께 에러 토스트가 표시되어야 한다","duration":26.655041999999412,"failureMessages":[],"meta":{}},{"ancestorTitles":[],"fullName":"존재하지 않는 이벤트 수정 시 '일정 저장 실패'라는 토스트가 노출되며 에러 처리가 되어야 한다","status":"passed","title":"존재하지 않는 이벤트 수정 시 '일정 저장 실패'라는 토스트가 노출되며 에러 처리가 되어야 한다","duration":2.7867089999999735,"failureMessages":[],"meta":{}},{"ancestorTitles":[],"fullName":"네트워크 오류 시 '일정 삭제 실패'라는 텍스트가 노출되며 이벤트 삭제가 실패해야 한다","status":"passed","title":"네트워크 오류 시 '일정 삭제 실패'라는 텍스트가 노출되며 이벤트 삭제가 실패해야 한다","duration":2.6546669999997903,"failureMessages":[],"meta":{}}],"startTime":1761924682720,"endTime":1761924682899.6548,"status":"passed","message":"","name":"/Users/anjaehyeon/Desktop/hanghae-plus/front_7th_chapter1-2-/src/__tests__/hooks/medium.useEventOperations.spec.ts"},{"assertionResults":[{"ancestorTitles":[],"fullName":"초기 상태에서는 알림이 없어야 한다","status":"passed","title":"초기 상태에서는 알림이 없어야 한다","duration":28.247833999999784,"failureMessages":[],"meta":{}},{"ancestorTitles":[],"fullName":"지정된 시간이 된 경우 알림이 새롭게 생성되어 추가된다","status":"failed","title":"지정된 시간이 된 경우 알림이 새롭게 생성되어 추가된다","duration":35.18304100000023,"failureMessages":["AssertionError: expected [ '1' ] to include 1\n    at Proxy.<anonymous> (file:///Users/anjaehyeon/Desktop/hanghae-plus/front_7th_chapter1-2-/node_modules/.pnpm/@vitest+expect@3.2.4/node_modules/@vitest/expect/dist/index.js:1191:15)\n    at Proxy.<anonymous> (file:///Users/anjaehyeon/Desktop/hanghae-plus/front_7th_chapter1-2-/node_modules/.pnpm/@vitest+expect@3.2.4/node_modules/@vitest/expect/dist/index.js:1029:14)\n    at Proxy.toContain (file:///Users/anjaehyeon/Desktop/hanghae-plus/front_7th_chapter1-2-/node_modules/.pnpm/chai@5.2.0/node_modules/chai/chai.js:1618:25)\n    at /Users/anjaehyeon/Desktop/hanghae-plus/front_7th_chapter1-2-/src/__tests__/hooks/medium.useNotifications.spec.ts:45:41\n    at file:///Users/anjaehyeon/Desktop/hanghae-plus/front_7th_chapter1-2-/node_modules/.pnpm/@vitest+runner@3.2.4/node_modules/@vitest/runner/dist/chunk-hooks.js:155:11\n    at file:///Users/anjaehyeon/Desktop/hanghae-plus/front_7th_chapter1-2-/node_modules/.pnpm/@vitest+runner@3.2.4/node_modules/@vitest/runner/dist/chunk-hooks.js:752:26\n    at file:///Users/anjaehyeon/Desktop/hanghae-plus/front_7th_chapter1-2-/node_modules/.pnpm/@vitest+runner@3.2.4/node_modules/@vitest/runner/dist/chunk-hooks.js:1897:20\n    at new Promise (<anonymous>)\n    at runWithTimeout (file:///Users/anjaehyeon/Desktop/hanghae-plus/front_7th_chapter1-2-/node_modules/.pnpm/@vitest+runner@3.2.4/node_modules/@vitest/runner/dist/chunk-hooks.js:1863:10)\n    at runTest (file:///Users/anjaehyeon/Desktop/hanghae-plus/front_7th_chapter1-2-/node_modules/.pnpm/@vitest+runner@3.2.4/node_modules/@vitest/runner/dist/chunk-hooks.js:1574:12)"],"meta":{}},{"ancestorTitles":[],"fullName":"index를 기준으로 알림을 적절하게 제거할 수 있다","status":"passed","title":"index를 기준으로 알림을 적절하게 제거할 수 있다","duration":6.208832999998776,"failureMessages":[],"meta":{}},{"ancestorTitles":[],"fullName":"이미 알림이 발생한 이벤트에 대해서는 중복 알림이 발생하지 않아야 한다","status":"passed","title":"이미 알림이 발생한 이벤트에 대해서는 중복 알림이 발생하지 않아야 한다","duration":2.3027920000004087,"failureMessages":[],"meta":{}}],"startTime":1761924605976,"endTime":1761924606048.3027,"status":"failed","message":"","name":"/Users/anjaehyeon/Desktop/hanghae-plus/front_7th_chapter1-2-/src/__tests__/hooks/medium.useNotifications.spec.ts"},{"assertionResults":[{"ancestorTitles":["[Story] 삭제 확인 모달 노출"],"fullName":"[Story] 삭제 확인 모달 노출 반복 일정 삭제 클릭 시 \"해당 일정만 삭제하시겠어요?\" 모달이 노출된다 (Red)","status":"passed","title":"반복 일정 삭제 클릭 시 \"해당 일정만 삭제하시겠어요?\" 모달이 노출된다 (Red)","duration":3478.802791000002,"failureMessages":[],"meta":{}},{"ancestorTitles":["[Story] 삭제 확인 모달 노출"],"fullName":"[Story] 삭제 확인 모달 노출 비반복 일정 삭제 클릭 시 본 모달이 노출되지 않는다","status":"passed","title":"비반복 일정 삭제 클릭 시 본 모달이 노출되지 않는다","duration":1049.591499999995,"failureMessages":[],"meta":{}}],"startTime":1761924658213,"endTime":1761924662741.5916,"status":"passed","message":"","name":"/Users/anjaehyeon/Desktop/hanghae-plus/front_7th_chapter1-2-/src/__tests__/repeat-schedule-delete/01-confirm-modal.spec.tsx"},{"assertionResults":[{"ancestorTitles":["[Story] 단일 인스턴스 삭제(예) - 예외 처리"],"fullName":"[Story] 단일 인스턴스 삭제(예) - 예외 처리 '예' 선택 시 기존 exceptions에 선택 날짜가 병합되어 전송되고, 성공 토스트 및 리스트 반영 (Red)","status":"failed","title":"'예' 선택 시 기존 exceptions에 선택 날짜가 병합되어 전송되고, 성공 토스트 및 리스트 반영 (Red)","duration":1376.5170829999988,"failureMessages":["AssertionError: expected <p …(1)></p> to be null\n    at /Users/anjaehyeon/Desktop/hanghae-plus/front_7th_chapter1-2-/src/__tests__/repeat-schedule-delete/02-single-occurrence-delete.spec.tsx:80:47\n    at file:///Users/anjaehyeon/Desktop/hanghae-plus/front_7th_chapter1-2-/node_modules/.pnpm/@vitest+runner@3.2.4/node_modules/@vitest/runner/dist/chunk-hooks.js:752:20"],"meta":{}}],"startTime":1761924607058,"endTime":1761924608434.517,"status":"failed","message":"","name":"/Users/anjaehyeon/Desktop/hanghae-plus/front_7th_chapter1-2-/src/__tests__/repeat-schedule-delete/02-single-occurrence-delete.spec.tsx"},{"assertionResults":[{"ancestorTitles":["[Story] 시리즈 전체 삭제(아니오)"],"fullName":"[Story] 시리즈 전체 삭제(아니오) '아니오' 선택 시 시리즈 전체가 삭제되고, 목록과 달력(week view)에 노출되지 않아야 한다 (Red)","status":"failed","title":"'아니오' 선택 시 시리즈 전체가 삭제되고, 목록과 달력(week view)에 노출되지 않아야 한다 (Red)","duration":1470.9850000000006,"failureMessages":["AssertionError: expected <p …(1)></p> to be null\n    at /Users/anjaehyeon/Desktop/hanghae-plus/front_7th_chapter1-2-/src/__tests__/repeat-schedule-delete/03-entire-series-delete.spec.tsx:68:47\n    at file:///Users/anjaehyeon/Desktop/hanghae-plus/front_7th_chapter1-2-/node_modules/.pnpm/@vitest+runner@3.2.4/node_modules/@vitest/runner/dist/chunk-hooks.js:752:20"],"meta":{}}],"startTime":1761924607055,"endTime":1761924608525.985,"status":"failed","message":"","name":"/Users/anjaehyeon/Desktop/hanghae-plus/front_7th_chapter1-2-/src/__tests__/repeat-schedule-delete/03-entire-series-delete.spec.tsx"},{"assertionResults":[{"ancestorTitles":["[Story] 비반복 일정 삭제"],"fullName":"[Story] 비반복 일정 삭제 삭제 클릭 시 단일 일정이 목록과 달력에서 사라지고, 검색 입력으로 포커스가 이동한다 (Red)","status":"failed","title":"삭제 클릭 시 단일 일정이 목록과 달력에서 사라지고, 검색 입력으로 포커스가 이동한다 (Red)","duration":1034.3711249999997,"failureMessages":["AssertionError: expected <p …(1)></p> to be null\n    at /Users/anjaehyeon/Desktop/hanghae-plus/front_7th_chapter1-2-/src/__tests__/repeat-schedule-delete/04-non-repeating-delete.spec.tsx:65:47\n    at file:///Users/anjaehyeon/Desktop/hanghae-plus/front_7th_chapter1-2-/node_modules/.pnpm/@vitest+runner@3.2.4/node_modules/@vitest/runner/dist/chunk-hooks.js:752:20"],"meta":{}}],"startTime":1761924607051,"endTime":1761924608085.371,"status":"failed","message":"","name":"/Users/anjaehyeon/Desktop/hanghae-plus/front_7th_chapter1-2-/src/__tests__/repeat-schedule-delete/04-non-repeating-delete.spec.tsx"},{"assertionResults":[{"ancestorTitles":["[Story] 예외 반영 확장 - 문자열 정규화"],"fullName":"[Story] 예외 반영 확장 - 문자열 정규화 exceptions 항목에 공백이 있어도 해당 날짜를 확장에서 제외한다 (Red)","status":"passed","title":"exceptions 항목에 공백이 있어도 해당 날짜를 확장에서 제외한다 (Red)","duration":42.14045900000019,"failureMessages":[],"meta":{}}],"startTime":1761924694617,"endTime":1761924694659.1404,"status":"passed","message":"","name":"/Users/anjaehyeon/Desktop/hanghae-plus/front_7th_chapter1-2-/src/__tests__/repeat-schedule-delete/05-exceptions-expansion.spec.ts"},{"assertionResults":[{"ancestorTitles":["[Story] 종료일 입력 및 기본 동작"],"fullName":"[Story] 종료일 입력 및 기본 동작 종료일이 설정되면 해당 날짜까지(포함)만 표시된다 (월간 뷰)","status":"passed","title":"종료일이 설정되면 해당 날짜까지(포함)만 표시된다 (월간 뷰)","duration":3364.0034579999992,"failureMessages":[],"meta":{}},{"ancestorTitles":["[Story] 종료일 입력 및 기본 동작"],"fullName":"[Story] 종료일 입력 및 기본 동작 종료일이 비어 있으면 표시 범위 내에서만 표시된다 (월간 뷰, 무기한)","status":"passed","title":"종료일이 비어 있으면 표시 범위 내에서만 표시된다 (월간 뷰, 무기한)","duration":1330.338791999995,"failureMessages":[],"meta":{}}],"startTime":1761924657981,"endTime":1761924662675.3389,"status":"passed","message":"","name":"/Users/anjaehyeon/Desktop/hanghae-plus/front_7th_chapter1-2-/src/__tests__/repeat-end-until-date/01-end-date-input-and-basic-behavior.spec.tsx"},{"assertionResults":[{"ancestorTitles":["[Story] 종료일 형식 및 유효성 검증"],"fullName":"[Story] 종료일 형식 및 유효성 검증 잘못된 형식('2025-1-5') 입력 시 '날짜 형식이 올바르지 않습니다. (YYYY-MM-DD)' 오류 표시","status":"passed","title":"잘못된 형식('2025-1-5') 입력 시 '날짜 형식이 올바르지 않습니다. (YYYY-MM-DD)' 오류 표시","duration":1496.3857500000004,"failureMessages":[],"meta":{}},{"ancestorTitles":["[Story] 종료일 형식 및 유효성 검증"],"fullName":"[Story] 종료일 형식 및 유효성 검증 존재하지 않는 날짜('2025-02-30') 입력 시 '유효하지 않은 날짜입니다.' 오류 표시","status":"passed","title":"존재하지 않는 날짜('2025-02-30') 입력 시 '유효하지 않은 날짜입니다.' 오류 표시","duration":641.1350419999999,"failureMessages":[],"meta":{}},{"ancestorTitles":["[Story] 종료일 형식 및 유효성 검증"],"fullName":"[Story] 종료일 형식 및 유효성 검증 종료일이 시작일보다 과거('2025-03-09')면 '종료일은 시작일보다 미래여야 합니다.'","status":"passed","title":"종료일이 시작일보다 과거('2025-03-09')면 '종료일은 시작일보다 미래여야 합니다.'","duration":4452.861792000001,"failureMessages":[],"meta":{}},{"ancestorTitles":["[Story] 종료일 형식 및 유효성 검증"],"fullName":"[Story] 종료일 형식 및 유효성 검증 종료일이 시작일과 동일하면 오류가 없어야 한다","status":"passed","title":"종료일이 시작일과 동일하면 오류가 없어야 한다","duration":1153.6532910000005,"failureMessages":[],"meta":{}}],"startTime":1761924612882,"endTime":1761924620626.6533,"status":"passed","message":"","name":"/Users/anjaehyeon/Desktop/hanghae-plus/front_7th_chapter1-2-/src/__tests__/repeat-end-until-date/02-end-date-validation.spec.tsx"},{"assertionResults":[{"ancestorTitles":["[Story] 예시 상한 적용 (2025-12-31)"],"fullName":"[Story] 예시 상한 적용 (2025-12-31) 종료일이 없더라도 월간 뷰 범위(12월)에서는 12/30, 12/31 두 번만 표시된다","status":"passed","title":"종료일이 없더라도 월간 뷰 범위(12월)에서는 12/30, 12/31 두 번만 표시된다","duration":1685.5732909999988,"failureMessages":[],"meta":{}}],"startTime":1761924672857,"endTime":1761924674542.5732,"status":"passed","message":"","name":"/Users/anjaehyeon/Desktop/hanghae-plus/front_7th_chapter1-2-/src/__tests__/repeat-end-until-date/03-upper-bound-example-2025-12-31.spec.tsx"},{"assertionResults":[{"ancestorTitles":["[Story] 종료일 적용 - 매일 반복"],"fullName":"[Story] 종료일 적용 - 매일 반복 시작일 2025-01-01, 간격 2, 종료일 '2025-01-07' → 01/03/05/07 네 번만 표시","status":"passed","title":"시작일 2025-01-01, 간격 2, 종료일 '2025-01-07' → 01/03/05/07 네 번만 표시","duration":1757.68275,"failureMessages":[],"meta":{}}],"startTime":1761924672857,"endTime":1761924674614.6829,"status":"passed","message":"","name":"/Users/anjaehyeon/Desktop/hanghae-plus/front_7th_chapter1-2-/src/__tests__/repeat-end-until-date/04-daily-with-end-date.spec.tsx"},{"assertionResults":[{"ancestorTitles":["[Story] 종료일 적용 - 매주 반복"],"fullName":"[Story] 종료일 적용 - 매주 반복 월요일 시작(2025-01-06), 간격 1, 종료일 '2025-01-20' → 01/06, 01/13, 01/20 세 번만 표시","status":"passed","title":"월요일 시작(2025-01-06), 간격 1, 종료일 '2025-01-20' → 01/06, 01/13, 01/20 세 번만 표시","duration":1820.1618330000001,"failureMessages":[],"meta":{}}],"startTime":1761924672858,"endTime":1761924674678.1619,"status":"passed","message":"","name":"/Users/anjaehyeon/Desktop/hanghae-plus/front_7th_chapter1-2-/src/__tests__/repeat-end-until-date/05-weekly-with-end-date.spec.tsx"},{"assertionResults":[{"ancestorTitles":["[Story] 종료일 적용 - 매월 반복(존재하지 않는 날짜 건너뜀)"],"fullName":"[Story] 종료일 적용 - 매월 반복(존재하지 않는 날짜 건너뜀) 31일 시작, interval 1, 종료일 '2025-04-30' → 1월과 3월에만 표시, 2월/4월은 표시되지 않음","status":"passed","title":"31일 시작, interval 1, 종료일 '2025-04-30' → 1월과 3월에만 표시, 2월/4월은 표시되지 않음","duration":2267.0574579999993,"failureMessages":[],"meta":{}}],"startTime":1761924672904,"endTime":1761924675171.0574,"status":"passed","message":"","name":"/Users/anjaehyeon/Desktop/hanghae-plus/front_7th_chapter1-2-/src/__tests__/repeat-end-until-date/06-monthly-with-end-date-edge-missing-day.spec.tsx"},{"assertionResults":[{"ancestorTitles":["[Story] 종료일 적용 - 매년 반복(윤년 2/29 특수 케이스)"],"fullName":"[Story] 종료일 적용 - 매년 반복(윤년 2/29 특수 케이스) 시작일 2024-02-29(윤년), interval 1, 종료일 '2025-12-31' → 2024-02-29만 표시, 2025년에는 표시되지 않음","status":"failed","title":"시작일 2024-02-29(윤년), interval 1, 종료일 '2025-12-31' → 2024-02-29만 표시, 2025년에는 표시되지 않음","duration":5053.776708,"failureMessages":["Error: STACK_TRACE_ERROR\n    at task (file:///Users/anjaehyeon/Desktop/hanghae-plus/front_7th_chapter1-2-/node_modules/.pnpm/@vitest+runner@3.2.4/node_modules/@vitest/runner/dist/chunk-hooks.js:638:27)\n    at Object.<anonymous> (file:///Users/anjaehyeon/Desktop/hanghae-plus/front_7th_chapter1-2-/node_modules/.pnpm/@vitest+runner@3.2.4/node_modules/@vitest/runner/dist/chunk-hooks.js:662:16)\n    at Object.<anonymous> (file:///Users/anjaehyeon/Desktop/hanghae-plus/front_7th_chapter1-2-/node_modules/.pnpm/@vitest+runner@3.2.4/node_modules/@vitest/runner/dist/chunk-hooks.js:458:28)\n    at it (file:///Users/anjaehyeon/Desktop/hanghae-plus/front_7th_chapter1-2-/node_modules/.pnpm/@vitest+runner@3.2.4/node_modules/@vitest/runner/dist/chunk-hooks.js:369:14)\n    at /Users/anjaehyeon/Desktop/hanghae-plus/front_7th_chapter1-2-/src/__tests__/repeat-end-until-date/07-yearly-with-end-date-leap-day.spec.tsx:29:3\n    at file:///Users/anjaehyeon/Desktop/hanghae-plus/front_7th_chapter1-2-/node_modules/.pnpm/@vitest+runner@3.2.4/node_modules/@vitest/runner/dist/chunk-hooks.js:734:40\n    at runWithSuite (file:///Users/anjaehyeon/Desktop/hanghae-plus/front_7th_chapter1-2-/node_modules/.pnpm/@vitest+runner@3.2.4/node_modules/@vitest/runner/dist/chunk-hooks.js:1849:8)\n    at Object.collect (file:///Users/anjaehyeon/Desktop/hanghae-plus/front_7th_chapter1-2-/node_modules/.pnpm/@vitest+runner@3.2.4/node_modules/@vitest/runner/dist/chunk-hooks.js:734:10)\n    at Object.collect (file:///Users/anjaehyeon/Desktop/hanghae-plus/front_7th_chapter1-2-/node_modules/.pnpm/@vitest+runner@3.2.4/node_modules/@vitest/runner/dist/chunk-hooks.js:738:54)\n    at processTicksAndRejections (node:internal/process/task_queues:105:5)\n    at collectTests (file:///Users/anjaehyeon/Desktop/hanghae-plus/front_7th_chapter1-2-/node_modules/.pnpm/@vitest+runner@3.2.4/node_modules/@vitest/runner/dist/chunk-hooks.js:1179:25)\n    at startTests (file:///Users/anjaehyeon/Desktop/hanghae-plus/front_7th_chapter1-2-/node_modules/.pnpm/@vitest+runner@3.2.4/node_modules/@vitest/runner/dist/chunk-hooks.js:1817:17)\n    at file:///Users/anjaehyeon/Desktop/hanghae-plus/front_7th_chapter1-2-/node_modules/.pnpm/vitest@3.2.4_@types+node@22.18.8_@vitest+ui@3.2.4_jsdom@26.1.0_msw@2.10.3_@types+node@22.18.8_typescript@5.6.3_/node_modules/vitest/dist/chunks/runBaseTests.9Ij9_de-.js:117:26\n    at withEnv (file:///Users/anjaehyeon/Desktop/hanghae-plus/front_7th_chapter1-2-/node_modules/.pnpm/vitest@3.2.4_@types+node@22.18.8_@vitest+ui@3.2.4_jsdom@26.1.0_msw@2.10.3_@types+node@22.18.8_typescript@5.6.3_/node_modules/vitest/dist/chunks/runBaseTests.9Ij9_de-.js:84:3)\n    at run (file:///Users/anjaehyeon/Desktop/hanghae-plus/front_7th_chapter1-2-/node_modules/.pnpm/vitest@3.2.4_@types+node@22.18.8_@vitest+ui@3.2.4_jsdom@26.1.0_msw@2.10.3_@types+node@22.18.8_typescript@5.6.3_/node_modules/vitest/dist/chunks/runBaseTests.9Ij9_de-.js:109:2)"],"meta":{}}],"startTime":1761924585932,"endTime":1761924590985.7766,"status":"failed","message":"","name":"/Users/anjaehyeon/Desktop/hanghae-plus/front_7th_chapter1-2-/src/__tests__/repeat-end-until-date/07-yearly-with-end-date-leap-day.spec.tsx"},{"assertionResults":[{"ancestorTitles":["[Story] 확인 모달 노출"],"fullName":"[Story] 확인 모달 노출 반복 일정 편집 저장 시 \"해당 일정만 수정하시겠어요?\" 모달이 노출된다 (Red)","status":"passed","title":"반복 일정 편집 저장 시 \"해당 일정만 수정하시겠어요?\" 모달이 노출된다 (Red)","duration":4154.486958000001,"failureMessages":[],"meta":{}},{"ancestorTitles":["[Story] 확인 모달 노출"],"fullName":"[Story] 확인 모달 노출 반복이 아닌 일정 편집 저장 시 모달이 노출되지 않는다","status":"passed","title":"반복이 아닌 일정 편집 저장 시 모달이 노출되지 않는다","duration":825.9449170000007,"failureMessages":[],"meta":{}}],"startTime":1761924657962,"endTime":1761924662942.9448,"status":"passed","message":"","name":"/Users/anjaehyeon/Desktop/hanghae-plus/front_7th_chapter1-2-/src/__tests__/repeat-schedule-edit/01-confirm-modal.spec.tsx"},{"assertionResults":[{"ancestorTitles":["[Story] 단일 수정(예) - 인스턴스 분리 저장"],"fullName":"[Story] 단일 수정(예) - 인스턴스 분리 저장 모달에서 \"예\" 선택 시 단일 일정으로 분리 저장되고 반복 표시가 사라진다 (Red)","status":"failed","title":"모달에서 \"예\" 선택 시 단일 일정으로 분리 저장되고 반복 표시가 사라진다 (Red)","duration":5113.208583,"failureMessages":["Error: STACK_TRACE_ERROR\n    at task (file:///Users/anjaehyeon/Desktop/hanghae-plus/front_7th_chapter1-2-/node_modules/.pnpm/@vitest+runner@3.2.4/node_modules/@vitest/runner/dist/chunk-hooks.js:638:27)\n    at Object.<anonymous> (file:///Users/anjaehyeon/Desktop/hanghae-plus/front_7th_chapter1-2-/node_modules/.pnpm/@vitest+runner@3.2.4/node_modules/@vitest/runner/dist/chunk-hooks.js:662:16)\n    at Object.<anonymous> (file:///Users/anjaehyeon/Desktop/hanghae-plus/front_7th_chapter1-2-/node_modules/.pnpm/@vitest+runner@3.2.4/node_modules/@vitest/runner/dist/chunk-hooks.js:458:28)\n    at it (file:///Users/anjaehyeon/Desktop/hanghae-plus/front_7th_chapter1-2-/node_modules/.pnpm/@vitest+runner@3.2.4/node_modules/@vitest/runner/dist/chunk-hooks.js:369:14)\n    at /Users/anjaehyeon/Desktop/hanghae-plus/front_7th_chapter1-2-/src/__tests__/repeat-schedule-edit/02-single-edit-detach-occurrence.spec.tsx:28:3\n    at file:///Users/anjaehyeon/Desktop/hanghae-plus/front_7th_chapter1-2-/node_modules/.pnpm/@vitest+runner@3.2.4/node_modules/@vitest/runner/dist/chunk-hooks.js:734:40\n    at runWithSuite (file:///Users/anjaehyeon/Desktop/hanghae-plus/front_7th_chapter1-2-/node_modules/.pnpm/@vitest+runner@3.2.4/node_modules/@vitest/runner/dist/chunk-hooks.js:1849:8)\n    at Object.collect (file:///Users/anjaehyeon/Desktop/hanghae-plus/front_7th_chapter1-2-/node_modules/.pnpm/@vitest+runner@3.2.4/node_modules/@vitest/runner/dist/chunk-hooks.js:734:10)\n    at Object.collect (file:///Users/anjaehyeon/Desktop/hanghae-plus/front_7th_chapter1-2-/node_modules/.pnpm/@vitest+runner@3.2.4/node_modules/@vitest/runner/dist/chunk-hooks.js:738:54)\n    at processTicksAndRejections (node:internal/process/task_queues:105:5)\n    at collectTests (file:///Users/anjaehyeon/Desktop/hanghae-plus/front_7th_chapter1-2-/node_modules/.pnpm/@vitest+runner@3.2.4/node_modules/@vitest/runner/dist/chunk-hooks.js:1179:25)\n    at startTests (file:///Users/anjaehyeon/Desktop/hanghae-plus/front_7th_chapter1-2-/node_modules/.pnpm/@vitest+runner@3.2.4/node_modules/@vitest/runner/dist/chunk-hooks.js:1817:17)\n    at file:///Users/anjaehyeon/Desktop/hanghae-plus/front_7th_chapter1-2-/node_modules/.pnpm/vitest@3.2.4_@types+node@22.18.8_@vitest+ui@3.2.4_jsdom@26.1.0_msw@2.10.3_@types+node@22.18.8_typescript@5.6.3_/node_modules/vitest/dist/chunks/runBaseTests.9Ij9_de-.js:117:26\n    at withEnv (file:///Users/anjaehyeon/Desktop/hanghae-plus/front_7th_chapter1-2-/node_modules/.pnpm/vitest@3.2.4_@types+node@22.18.8_@vitest+ui@3.2.4_jsdom@26.1.0_msw@2.10.3_@types+node@22.18.8_typescript@5.6.3_/node_modules/vitest/dist/chunks/runBaseTests.9Ij9_de-.js:84:3)\n    at run (file:///Users/anjaehyeon/Desktop/hanghae-plus/front_7th_chapter1-2-/node_modules/.pnpm/vitest@3.2.4_@types+node@22.18.8_@vitest+ui@3.2.4_jsdom@26.1.0_msw@2.10.3_@types+node@22.18.8_typescript@5.6.3_/node_modules/vitest/dist/chunks/runBaseTests.9Ij9_de-.js:109:2)"],"meta":{}}],"startTime":1761924585951,"endTime":1761924591064.2085,"status":"failed","message":"","name":"/Users/anjaehyeon/Desktop/hanghae-plus/front_7th_chapter1-2-/src/__tests__/repeat-schedule-edit/02-single-edit-detach-occurrence.spec.tsx"},{"assertionResults":[{"ancestorTitles":["[Story] 전체 수정(아니오) - 시리즈 전체 반영"],"fullName":"[Story] 전체 수정(아니오) - 시리즈 전체 반영 모달에서 \"아니오\" 선택 시 제목이 업데이트되고 반복 표시는 유지된다 (Red)","status":"failed","title":"모달에서 \"아니오\" 선택 시 제목이 업데이트되고 반복 표시는 유지된다 (Red)","duration":5035.255542000001,"failureMessages":["Error: STACK_TRACE_ERROR\n    at task (file:///Users/anjaehyeon/Desktop/hanghae-plus/front_7th_chapter1-2-/node_modules/.pnpm/@vitest+runner@3.2.4/node_modules/@vitest/runner/dist/chunk-hooks.js:638:27)\n    at Object.<anonymous> (file:///Users/anjaehyeon/Desktop/hanghae-plus/front_7th_chapter1-2-/node_modules/.pnpm/@vitest+runner@3.2.4/node_modules/@vitest/runner/dist/chunk-hooks.js:662:16)\n    at Object.<anonymous> (file:///Users/anjaehyeon/Desktop/hanghae-plus/front_7th_chapter1-2-/node_modules/.pnpm/@vitest+runner@3.2.4/node_modules/@vitest/runner/dist/chunk-hooks.js:458:28)\n    at it (file:///Users/anjaehyeon/Desktop/hanghae-plus/front_7th_chapter1-2-/node_modules/.pnpm/@vitest+runner@3.2.4/node_modules/@vitest/runner/dist/chunk-hooks.js:369:14)\n    at /Users/anjaehyeon/Desktop/hanghae-plus/front_7th_chapter1-2-/src/__tests__/repeat-schedule-edit/03-series-edit-apply-all.spec.tsx:28:3\n    at file:///Users/anjaehyeon/Desktop/hanghae-plus/front_7th_chapter1-2-/node_modules/.pnpm/@vitest+runner@3.2.4/node_modules/@vitest/runner/dist/chunk-hooks.js:734:40\n    at runWithSuite (file:///Users/anjaehyeon/Desktop/hanghae-plus/front_7th_chapter1-2-/node_modules/.pnpm/@vitest+runner@3.2.4/node_modules/@vitest/runner/dist/chunk-hooks.js:1849:8)\n    at Object.collect (file:///Users/anjaehyeon/Desktop/hanghae-plus/front_7th_chapter1-2-/node_modules/.pnpm/@vitest+runner@3.2.4/node_modules/@vitest/runner/dist/chunk-hooks.js:734:10)\n    at Object.collect (file:///Users/anjaehyeon/Desktop/hanghae-plus/front_7th_chapter1-2-/node_modules/.pnpm/@vitest+runner@3.2.4/node_modules/@vitest/runner/dist/chunk-hooks.js:738:54)\n    at processTicksAndRejections (node:internal/process/task_queues:105:5)\n    at collectTests (file:///Users/anjaehyeon/Desktop/hanghae-plus/front_7th_chapter1-2-/node_modules/.pnpm/@vitest+runner@3.2.4/node_modules/@vitest/runner/dist/chunk-hooks.js:1179:25)\n    at startTests (file:///Users/anjaehyeon/Desktop/hanghae-plus/front_7th_chapter1-2-/node_modules/.pnpm/@vitest+runner@3.2.4/node_modules/@vitest/runner/dist/chunk-hooks.js:1817:17)\n    at file:///Users/anjaehyeon/Desktop/hanghae-plus/front_7th_chapter1-2-/node_modules/.pnpm/vitest@3.2.4_@types+node@22.18.8_@vitest+ui@3.2.4_jsdom@26.1.0_msw@2.10.3_@types+node@22.18.8_typescript@5.6.3_/node_modules/vitest/dist/chunks/runBaseTests.9Ij9_de-.js:117:26\n    at withEnv (file:///Users/anjaehyeon/Desktop/hanghae-plus/front_7th_chapter1-2-/node_modules/.pnpm/vitest@3.2.4_@types+node@22.18.8_@vitest+ui@3.2.4_jsdom@26.1.0_msw@2.10.3_@types+node@22.18.8_typescript@5.6.3_/node_modules/vitest/dist/chunks/runBaseTests.9Ij9_de-.js:84:3)\n    at run (file:///Users/anjaehyeon/Desktop/hanghae-plus/front_7th_chapter1-2-/node_modules/.pnpm/vitest@3.2.4_@types+node@22.18.8_@vitest+ui@3.2.4_jsdom@26.1.0_msw@2.10.3_@types+node@22.18.8_typescript@5.6.3_/node_modules/vitest/dist/chunks/runBaseTests.9Ij9_de-.js:109:2)"],"meta":{}}],"startTime":1761924585941,"endTime":1761924590976.2556,"status":"failed","message":"","name":"/Users/anjaehyeon/Desktop/hanghae-plus/front_7th_chapter1-2-/src/__tests__/repeat-schedule-edit/03-series-edit-apply-all.spec.tsx"},{"assertionResults":[{"ancestorTitles":["[Story] 취소 - 저장 중단 및 상태 유지"],"fullName":"[Story] 취소 - 저장 중단 및 상태 유지 모달에서 \"취소\"를 선택하면 저장되지 않고 폼 값이 원래 값으로 복원된다 (Red)","status":"passed","title":"모달에서 \"취소\"를 선택하면 저장되지 않고 폼 값이 원래 값으로 복원된다 (Red)","duration":2043.3377920000003,"failureMessages":[],"meta":{}}],"startTime":1761924607058,"endTime":1761924609101.338,"status":"passed","message":"","name":"/Users/anjaehyeon/Desktop/hanghae-plus/front_7th_chapter1-2-/src/__tests__/repeat-schedule-edit/04-cancel-edit.spec.tsx"},{"assertionResults":[{"ancestorTitles":["[Story] 예외 처리 저장 규칙 및 확장 반영"],"fullName":"[Story] 예외 처리 저장 규칙 및 확장 반영 단일 수정 후 확장에서 해당 날짜는 제외되고 다른 날짜에는 시리즈가 유지된다 (Red)","status":"failed","title":"단일 수정 후 확장에서 해당 날짜는 제외되고 다른 날짜에는 시리즈가 유지된다 (Red)","duration":5186.4823750000005,"failureMessages":["Error: STACK_TRACE_ERROR\n    at task (file:///Users/anjaehyeon/Desktop/hanghae-plus/front_7th_chapter1-2-/node_modules/.pnpm/@vitest+runner@3.2.4/node_modules/@vitest/runner/dist/chunk-hooks.js:638:27)\n    at Object.<anonymous> (file:///Users/anjaehyeon/Desktop/hanghae-plus/front_7th_chapter1-2-/node_modules/.pnpm/@vitest+runner@3.2.4/node_modules/@vitest/runner/dist/chunk-hooks.js:662:16)\n    at Object.<anonymous> (file:///Users/anjaehyeon/Desktop/hanghae-plus/front_7th_chapter1-2-/node_modules/.pnpm/@vitest+runner@3.2.4/node_modules/@vitest/runner/dist/chunk-hooks.js:458:28)\n    at it (file:///Users/anjaehyeon/Desktop/hanghae-plus/front_7th_chapter1-2-/node_modules/.pnpm/@vitest+runner@3.2.4/node_modules/@vitest/runner/dist/chunk-hooks.js:369:14)\n    at /Users/anjaehyeon/Desktop/hanghae-plus/front_7th_chapter1-2-/src/__tests__/repeat-schedule-edit/05-exceptions-and-expansion.spec.tsx:28:3\n    at file:///Users/anjaehyeon/Desktop/hanghae-plus/front_7th_chapter1-2-/node_modules/.pnpm/@vitest+runner@3.2.4/node_modules/@vitest/runner/dist/chunk-hooks.js:734:40\n    at runWithSuite (file:///Users/anjaehyeon/Desktop/hanghae-plus/front_7th_chapter1-2-/node_modules/.pnpm/@vitest+runner@3.2.4/node_modules/@vitest/runner/dist/chunk-hooks.js:1849:8)\n    at Object.collect (file:///Users/anjaehyeon/Desktop/hanghae-plus/front_7th_chapter1-2-/node_modules/.pnpm/@vitest+runner@3.2.4/node_modules/@vitest/runner/dist/chunk-hooks.js:734:10)\n    at Object.collect (file:///Users/anjaehyeon/Desktop/hanghae-plus/front_7th_chapter1-2-/node_modules/.pnpm/@vitest+runner@3.2.4/node_modules/@vitest/runner/dist/chunk-hooks.js:738:54)\n    at processTicksAndRejections (node:internal/process/task_queues:105:5)\n    at collectTests (file:///Users/anjaehyeon/Desktop/hanghae-plus/front_7th_chapter1-2-/node_modules/.pnpm/@vitest+runner@3.2.4/node_modules/@vitest/runner/dist/chunk-hooks.js:1179:25)\n    at startTests (file:///Users/anjaehyeon/Desktop/hanghae-plus/front_7th_chapter1-2-/node_modules/.pnpm/@vitest+runner@3.2.4/node_modules/@vitest/runner/dist/chunk-hooks.js:1817:17)\n    at file:///Users/anjaehyeon/Desktop/hanghae-plus/front_7th_chapter1-2-/node_modules/.pnpm/vitest@3.2.4_@types+node@22.18.8_@vitest+ui@3.2.4_jsdom@26.1.0_msw@2.10.3_@types+node@22.18.8_typescript@5.6.3_/node_modules/vitest/dist/chunks/runBaseTests.9Ij9_de-.js:117:26\n    at withEnv (file:///Users/anjaehyeon/Desktop/hanghae-plus/front_7th_chapter1-2-/node_modules/.pnpm/vitest@3.2.4_@types+node@22.18.8_@vitest+ui@3.2.4_jsdom@26.1.0_msw@2.10.3_@types+node@22.18.8_typescript@5.6.3_/node_modules/vitest/dist/chunks/runBaseTests.9Ij9_de-.js:84:3)\n    at run (file:///Users/anjaehyeon/Desktop/hanghae-plus/front_7th_chapter1-2-/node_modules/.pnpm/vitest@3.2.4_@types+node@22.18.8_@vitest+ui@3.2.4_jsdom@26.1.0_msw@2.10.3_@types+node@22.18.8_typescript@5.6.3_/node_modules/vitest/dist/chunks/runBaseTests.9Ij9_de-.js:109:2)"],"meta":{}}],"startTime":1761924585947,"endTime":1761924591133.4824,"status":"failed","message":"","name":"/Users/anjaehyeon/Desktop/hanghae-plus/front_7th_chapter1-2-/src/__tests__/repeat-schedule-edit/05-exceptions-and-expansion.spec.tsx"},{"assertionResults":[{"ancestorTitles":["[Story] 주간 뷰 반복 아이콘 표시"],"fullName":"[Story] 주간 뷰 반복 아이콘 표시 반복 일정이면 반복 아이콘이 타이틀 좌측에 표시된다","status":"passed","title":"반복 일정이면 반복 아이콘이 타이틀 좌측에 표시된다","duration":1464.116000000001,"failureMessages":[],"meta":{}},{"ancestorTitles":["[Story] 주간 뷰 반복 아이콘 표시"],"fullName":"[Story] 주간 뷰 반복 아이콘 표시 단일 일정이면 반복 아이콘이 표시되지 않는다","status":"passed","title":"단일 일정이면 반복 아이콘이 표시되지 않는다","duration":353.9067500000001,"failureMessages":[],"meta":{}},{"ancestorTitles":["[Story] 주간 뷰 반복 아이콘 표시"],"fullName":"[Story] 주간 뷰 반복 아이콘 표시 알림과 반복이 함께 있을 때 아이콘 순서가 [알림][반복][타이틀]이다","status":"passed","title":"알림과 반복이 함께 있을 때 아이콘 순서가 [알림][반복][타이틀]이다","duration":296.60645900000054,"failureMessages":[],"meta":{}}],"startTime":1761924619661,"endTime":1761924621775.6064,"status":"passed","message":"","name":"/Users/anjaehyeon/Desktop/hanghae-plus/front_7th_chapter1-2-/src/__tests__/repeat-schedule-indicator/01-week-view-repeat-icon.spec.tsx"},{"assertionResults":[{"ancestorTitles":["[Story] 월간 뷰 반복 아이콘 표시"],"fullName":"[Story] 월간 뷰 반복 아이콘 표시 매일 반복 일정은 해당 월의 날짜 칩에서 반복 아이콘이 표시된다","status":"passed","title":"매일 반복 일정은 해당 월의 날짜 칩에서 반복 아이콘이 표시된다","duration":3631.321041999996,"failureMessages":[],"meta":{}},{"ancestorTitles":["[Story] 월간 뷰 반복 아이콘 표시"],"fullName":"[Story] 월간 뷰 반복 아이콘 표시 매월 31일 반복은 31일 없는 달(11월)에는 표시되지 않는다","status":"passed","title":"매월 31일 반복은 31일 없는 달(11월)에는 표시되지 않는다","duration":964.8627919999999,"failureMessages":[],"meta":{}}],"startTime":1761924658254,"endTime":1761924662850.8628,"status":"passed","message":"","name":"/Users/anjaehyeon/Desktop/hanghae-plus/front_7th_chapter1-2-/src/__tests__/repeat-schedule-indicator/02-month-view-repeat-icon.spec.tsx"},{"assertionResults":[{"ancestorTitles":["[Story] 반복 아이콘 접근성 및 툴팁"],"fullName":"[Story] 반복 아이콘 접근성 및 툴팁 반복 아이콘에 aria-label=\"반복 일정\"이 존재한다","status":"passed","title":"반복 아이콘에 aria-label=\"반복 일정\"이 존재한다","duration":1645.7815,"failureMessages":[],"meta":{}},{"ancestorTitles":["[Story] 반복 아이콘 접근성 및 툴팁"],"fullName":"[Story] 반복 아이콘 접근성 및 툴팁 마우스 오버 시 \"반복 일정\" 툴팁이 노출된다","status":"passed","title":"마우스 오버 시 \"반복 일정\" 툴팁이 노출된다","duration":1027.2974169999998,"failureMessages":[],"meta":{}},{"ancestorTitles":["[Story] 반복 아이콘 접근성 및 툴팁"],"fullName":"[Story] 반복 아이콘 접근성 및 툴팁 키보드 포커스 시에도 같은 툴팁이 노출된다","status":"passed","title":"키보드 포커스 시에도 같은 툴팁이 노출된다","duration":2776.920041000001,"failureMessages":[],"meta":{}}],"startTime":1761924612815,"endTime":1761924618264.92,"status":"passed","message":"","name":"/Users/anjaehyeon/Desktop/hanghae-plus/front_7th_chapter1-2-/src/__tests__/repeat-schedule-indicator/03-a11y-and-tooltip.spec.tsx"},{"assertionResults":[{"ancestorTitles":["[Story] 아이콘 순서 및 레이아웃"],"fullName":"[Story] 아이콘 순서 및 레이아웃 아이콘 순서가 [알림][반복][타이틀]이다 (주간 뷰)","status":"failed","title":"아이콘 순서가 [알림][반복][타이틀]이다 (주간 뷰)","duration":5026.627457999999,"failureMessages":["Error: STACK_TRACE_ERROR\n    at task (file:///Users/anjaehyeon/Desktop/hanghae-plus/front_7th_chapter1-2-/node_modules/.pnpm/@vitest+runner@3.2.4/node_modules/@vitest/runner/dist/chunk-hooks.js:638:27)\n    at Object.<anonymous> (file:///Users/anjaehyeon/Desktop/hanghae-plus/front_7th_chapter1-2-/node_modules/.pnpm/@vitest+runner@3.2.4/node_modules/@vitest/runner/dist/chunk-hooks.js:662:16)\n    at Object.<anonymous> (file:///Users/anjaehyeon/Desktop/hanghae-plus/front_7th_chapter1-2-/node_modules/.pnpm/@vitest+runner@3.2.4/node_modules/@vitest/runner/dist/chunk-hooks.js:458:28)\n    at it (file:///Users/anjaehyeon/Desktop/hanghae-plus/front_7th_chapter1-2-/node_modules/.pnpm/@vitest+runner@3.2.4/node_modules/@vitest/runner/dist/chunk-hooks.js:369:14)\n    at /Users/anjaehyeon/Desktop/hanghae-plus/front_7th_chapter1-2-/src/__tests__/repeat-schedule-indicator/04-icon-order-and-layout.spec.tsx:30:3\n    at file:///Users/anjaehyeon/Desktop/hanghae-plus/front_7th_chapter1-2-/node_modules/.pnpm/@vitest+runner@3.2.4/node_modules/@vitest/runner/dist/chunk-hooks.js:734:40\n    at runWithSuite (file:///Users/anjaehyeon/Desktop/hanghae-plus/front_7th_chapter1-2-/node_modules/.pnpm/@vitest+runner@3.2.4/node_modules/@vitest/runner/dist/chunk-hooks.js:1849:8)\n    at Object.collect (file:///Users/anjaehyeon/Desktop/hanghae-plus/front_7th_chapter1-2-/node_modules/.pnpm/@vitest+runner@3.2.4/node_modules/@vitest/runner/dist/chunk-hooks.js:734:10)\n    at Object.collect (file:///Users/anjaehyeon/Desktop/hanghae-plus/front_7th_chapter1-2-/node_modules/.pnpm/@vitest+runner@3.2.4/node_modules/@vitest/runner/dist/chunk-hooks.js:738:54)\n    at processTicksAndRejections (node:internal/process/task_queues:105:5)\n    at collectTests (file:///Users/anjaehyeon/Desktop/hanghae-plus/front_7th_chapter1-2-/node_modules/.pnpm/@vitest+runner@3.2.4/node_modules/@vitest/runner/dist/chunk-hooks.js:1179:25)\n    at startTests (file:///Users/anjaehyeon/Desktop/hanghae-plus/front_7th_chapter1-2-/node_modules/.pnpm/@vitest+runner@3.2.4/node_modules/@vitest/runner/dist/chunk-hooks.js:1817:17)\n    at file:///Users/anjaehyeon/Desktop/hanghae-plus/front_7th_chapter1-2-/node_modules/.pnpm/vitest@3.2.4_@types+node@22.18.8_@vitest+ui@3.2.4_jsdom@26.1.0_msw@2.10.3_@types+node@22.18.8_typescript@5.6.3_/node_modules/vitest/dist/chunks/runBaseTests.9Ij9_de-.js:117:26\n    at withEnv (file:///Users/anjaehyeon/Desktop/hanghae-plus/front_7th_chapter1-2-/node_modules/.pnpm/vitest@3.2.4_@types+node@22.18.8_@vitest+ui@3.2.4_jsdom@26.1.0_msw@2.10.3_@types+node@22.18.8_typescript@5.6.3_/node_modules/vitest/dist/chunks/runBaseTests.9Ij9_de-.js:84:3)\n    at run (file:///Users/anjaehyeon/Desktop/hanghae-plus/front_7th_chapter1-2-/node_modules/.pnpm/vitest@3.2.4_@types+node@22.18.8_@vitest+ui@3.2.4_jsdom@26.1.0_msw@2.10.3_@types+node@22.18.8_typescript@5.6.3_/node_modules/vitest/dist/chunks/runBaseTests.9Ij9_de-.js:109:2)"],"meta":{}},{"ancestorTitles":["[Story] 아이콘 순서 및 레이아웃"],"fullName":"[Story] 아이콘 순서 및 레이아웃 두 아이콘이 동일 크기(small)로 렌더링된다 (주간 뷰)","status":"failed","title":"두 아이콘이 동일 크기(small)로 렌더링된다 (주간 뷰)","duration":568.9666250000009,"failureMessages":["Error: \"setSystemTime\" was called already and date was mocked. Reset timers using `vi.useRealTimers()` if you want to use fake timers again.\n    at FakeTimers.useFakeTimers (file:///Users/anjaehyeon/Desktop/hanghae-plus/front_7th_chapter1-2-/node_modules/.pnpm/vitest@3.2.4_@types+node@22.18.8_@vitest+ui@3.2.4_jsdom@26.1.0_msw@2.10.3_@types+node@22.18.8_typescript@5.6.3_/node_modules/vitest/dist/chunks/vi.bdSIJ99Y.js:3653:31)\n    at Object.useFakeTimers (file:///Users/anjaehyeon/Desktop/hanghae-plus/front_7th_chapter1-2-/node_modules/.pnpm/vitest@3.2.4_@types+node@22.18.8_@vitest+ui@3.2.4_jsdom@26.1.0_msw@2.10.3_@types+node@22.18.8_typescript@5.6.3_/node_modules/vitest/dist/chunks/vi.bdSIJ99Y.js:3826:13)\n    at /Users/anjaehyeon/Desktop/hanghae-plus/front_7th_chapter1-2-/src/__tests__/repeat-schedule-indicator/04-icon-order-and-layout.spec.tsx:120:8\n    at file:///Users/anjaehyeon/Desktop/hanghae-plus/front_7th_chapter1-2-/node_modules/.pnpm/@vitest+runner@3.2.4/node_modules/@vitest/runner/dist/chunk-hooks.js:752:20"],"meta":{}},{"ancestorTitles":["[Story] 아이콘 순서 및 레이아웃"],"fullName":"[Story] 아이콘 순서 및 레이아웃 아이콘 순서가 [알림][반복][타이틀]이다 (월간 뷰)","status":"failed","title":"아이콘 순서가 [알림][반복][타이틀]이다 (월간 뷰)","duration":259.89633400000093,"failureMessages":["Error: \"setSystemTime\" was called already and date was mocked. Reset timers using `vi.useRealTimers()` if you want to use fake timers again.\n    at FakeTimers.useFakeTimers (file:///Users/anjaehyeon/Desktop/hanghae-plus/front_7th_chapter1-2-/node_modules/.pnpm/vitest@3.2.4_@types+node@22.18.8_@vitest+ui@3.2.4_jsdom@26.1.0_msw@2.10.3_@types+node@22.18.8_typescript@5.6.3_/node_modules/vitest/dist/chunks/vi.bdSIJ99Y.js:3653:31)\n    at Object.useFakeTimers (file:///Users/anjaehyeon/Desktop/hanghae-plus/front_7th_chapter1-2-/node_modules/.pnpm/vitest@3.2.4_@types+node@22.18.8_@vitest+ui@3.2.4_jsdom@26.1.0_msw@2.10.3_@types+node@22.18.8_typescript@5.6.3_/node_modules/vitest/dist/chunks/vi.bdSIJ99Y.js:3826:13)\n    at /Users/anjaehyeon/Desktop/hanghae-plus/front_7th_chapter1-2-/src/__tests__/repeat-schedule-indicator/04-icon-order-and-layout.spec.tsx:171:8\n    at file:///Users/anjaehyeon/Desktop/hanghae-plus/front_7th_chapter1-2-/node_modules/.pnpm/@vitest+runner@3.2.4/node_modules/@vitest/runner/dist/chunk-hooks.js:752:20"],"meta":{}}],"startTime":1761924585961,"endTime":1761924591816.8962,"status":"failed","message":"","name":"/Users/anjaehyeon/Desktop/hanghae-plus/front_7th_chapter1-2-/src/__tests__/repeat-schedule-indicator/04-icon-order-and-layout.spec.tsx"},{"assertionResults":[{"ancestorTitles":["[Story] 성능 및 전개 범위"],"fullName":"[Story] 성능 및 전개 범위 전개
[...]
== none) 생성 시에는 겹침 검증을 수행하여 경고 표시","duration":2191.918792000004,"failureMessages":[],"meta":{}}],"startTime":1761924566109,"endTime":1761924578678.9187,"status":"failed","message":"","name":"/Users/anjaehyeon/Desktop/hanghae-plus/front_7th_chapter1-2-/src/__tests__/repeat-type-selection/15-repeat-overlap-validation.spec.tsx"},{"assertionResults":[{"ancestorTitles":["달력 뷰에서 반복 일정 표시"],"fullName":"달력 뷰에서 반복 일정 표시 매일 반복 일정이 주간 뷰의 여러 날짜에 표시됨","status":"passed","title":"매일 반복 일정이 주간 뷰의 여러 날짜에 표시됨","duration":1644.216708,"failureMessages":[],"meta":{}},{"ancestorTitles":["달력 뷰에서 반복 일정 표시"],"fullName":"달력 뷰에서 반복 일정 표시 매주 월요일 반복 일정이 월간 뷰의 해당 월 월요일에 표시됨","status":"passed","title":"매주 월요일 반복 일정이 월간 뷰의 해당 월 월요일에 표시됨","duration":991.0098340000004,"failureMessages":[],"meta":{}},{"ancestorTitles":["달력 뷰에서 반복 일정 표시"],"fullName":"달력 뷰에서 반복 일정 표시 31일 매월 반복 일정은 31일 없는 달(11월)에는 표시되지 않음","status":"passed","title":"31일 매월 반복 일정은 31일 없는 달(11월)에는 표시되지 않음","duration":3439.318500000001,"failureMessages":[],"meta":{}}],"startTime":1761924613135,"endTime":1761924619209.3186,"status":"passed","message":"","name":"/Users/anjaehyeon/Desktop/hanghae-plus/front_7th_chapter1-2-/src/__tests__/repeat-type-selection/16-calendar-view-display.spec.tsx"},{"assertionResults":[{"ancestorTitles":["일정 목록에서 반복 정보 표시"],"fullName":"일정 목록에서 반복 정보 표시 daily 반복 일정은 \"반복: N일마다\" 형식으로 표시됨","status":"passed","title":"daily 반복 일정은 \"반복: N일마다\" 형식으로 표시됨","duration":1260.0445419999996,"failureMessages":[],"meta":{}},{"ancestorTitles":["일정 목록에서 반복 정보 표시"],"fullName":"일정 목록에서 반복 정보 표시 weekly 반복 일정은 \"반복: N주마다\" 형식으로 표시되고 종료일이 있으면 함께 표시됨","status":"passed","title":"weekly 반복 일정은 \"반복: N주마다\" 형식으로 표시되고 종료일이 있으면 함께 표시됨","duration":541.2084579999992,"failureMessages":[],"meta":{}},{"ancestorTitles":["일정 목록에서 반복 정보 표시"],"fullName":"일정 목록에서 반복 정보 표시 monthly/yearly 반복 일정은 올바른 단위로 표시되며 종료일 포함 시 함께 표시됨","status":"passed","title":"monthly/yearly 반복 일정은 올바른 단위로 표시되며 종료일 포함 시 함께 표시됨","duration":163.76441700000032,"failureMessages":[],"meta":{}},{"ancestorTitles":["일정 목록에서 반복 정보 표시"],"fullName":"일정 목록에서 반복 정보 표시 repeat.type === 'none'이면 반복 정보를 표시하지 않음","status":"passed","title":"repeat.type === 'none'이면 반복 정보를 표시하지 않음","duration":86.46541700000125,"failureMessages":[],"meta":{}}],"startTime":1761924672861,"endTime":1761924674912.4653,"status":"passed","message":"","name":"/Users/anjaehyeon/Desktop/hanghae-plus/front_7th_chapter1-2-/src/__tests__/repeat-type-selection/17-repeat-info-display.spec.tsx"},{"assertionResults":[{"ancestorTitles":["getDaysInMonth"],"fullName":"getDaysInMonth 1월은 31일 수를 반환한다","status":"passed","title":"1월은 31일 수를 반환한다","duration":5.826665999999932,"failureMessages":[],"meta":{}},{"ancestorTitles":["getDaysInMonth"],"fullName":"getDaysInMonth 4월은 30일 일수를 반환한다","status":"passed","title":"4월은 30일 일수를 반환한다","duration":0.6258330000000569,"failureMessages":[],"meta":{}},{"ancestorTitles":["getDaysInMonth"],"fullName":"getDaysInMonth 윤년의 2월에 대해 29일을 반환한다","status":"passed","title":"윤년의 2월에 대해 29일을 반환한다","duration":0.3772500000004584,"failureMessages":[],"meta":{}},{"ancestorTitles":["getDaysInMonth"],"fullName":"getDaysInMonth 평년의 2월에 대해 28일을 반환한다","status":"passed","title":"평년의 2월에 대해 28일을 반환한다","duration":0.19245799999953306,"failureMessages":[],"meta":{}},{"ancestorTitles":["getDaysInMonth"],"fullName":"getDaysInMonth 유효하지 않은 월에 대해 적절히 처리한다","status":"passed","title":"유효하지 않은 월에 대해 적절히 처리한다","duration":0.3523749999994834,"failureMessages":[],"meta":{}},{"ancestorTitles":["getWeekDates"],"fullName":"getWeekDates 주중의 날짜(수요일)에 대해 올바른 주의 날짜들을 반환한다","status":"passed","title":"주중의 날짜(수요일)에 대해 올바른 주의 날짜들을 반환한다","duration":73.86291700000038,"failureMessages":[],"meta":{}},{"ancestorTitles":["getWeekDates"],"fullName":"getWeekDates 주의 시작(월요일)에 대해 올바른 주의 날짜들을 반환한다","status":"passed","title":"주의 시작(월요일)에 대해 올바른 주의 날짜들을 반환한다","duration":0.626749999999447,"failureMessages":[],"meta":{}},{"ancestorTitles":["getWeekDates"],"fullName":"getWeekDates 주의 끝(일요일)에 대해 올바른 주의 날짜들을 반환한다","status":"passed","title":"주의 끝(일요일)에 대해 올바른 주의 날짜들을 반환한다","duration":0.19470799999999144,"failureMessages":[],"meta":{}},{"ancestorTitles":["getWeekDates"],"fullName":"getWeekDates 연도를 넘어가는 주의 날짜를 정확히 처리한다 (연말)","status":"passed","title":"연도를 넘어가는 주의 날짜를 정확히 처리한다 (연말)","duration":0.8540000000002692,"failureMessages":[],"meta":{}},{"ancestorTitles":["getWeekDates"],"fullName":"getWeekDates 연도를 넘어가는 주의 날짜를 정확히 처리한다 (연초)","status":"passed","title":"연도를 넘어가는 주의 날짜를 정확히 처리한다 (연초)","duration":0.23495900000034453,"failureMessages":[],"meta":{}},{"ancestorTitles":["getWeekDates"],"fullName":"getWeekDates 윤년의 2월 29일을 포함한 주를 올바르게 처리한다","status":"passed","title":"윤년의 2월 29일을 포함한 주를 올바르게 처리한다","duration":0.12616700000035053,"failureMessages":[],"meta":{}},{"ancestorTitles":["getWeekDates"],"fullName":"getWeekDates 월의 마지막 날짜를 포함한 주를 올바르게 처리한다","status":"passed","title":"월의 마지막 날짜를 포함한 주를 올바르게 처리한다","duration":0.12750000000050932,"failureMessages":[],"meta":{}},{"ancestorTitles":["getWeeksAtMonth"],"fullName":"getWeeksAtMonth 2025년 7월 1일의 올바른 주 정보를 반환해야 한다","status":"passed","title":"2025년 7월 1일의 올바른 주 정보를 반환해야 한다","duration":2.2755000000006476,"failureMessages":[],"meta":{}},{"ancestorTitles":["getEventsForDay"],"fullName":"getEventsForDay 특정 날짜(1일)에 해당하는 이벤트만 정확히 반환한다","status":"passed","title":"특정 날짜(1일)에 해당하는 이벤트만 정확히 반환한다","duration":0.2066660000000411,"failureMessages":[],"meta":{}},{"ancestorTitles":["getEventsForDay"],"fullName":"getEventsForDay 해당 날짜에 이벤트가 없을 경우 빈 배열을 반환한다","status":"passed","title":"해당 날짜에 이벤트가 없을 경우 빈 배열을 반환한다","duration":0.21045799999956216,"failureMessages":[],"meta":{}},{"ancestorTitles":["getEventsForDay"],"fullName":"getEventsForDay 날짜가 0일 경우 빈 배열을 반환한다","status":"passed","title":"날짜가 0일 경우 빈 배열을 반환한다","duration":0.09733299999970768,"failureMessages":[],"meta":{}},{"ancestorTitles":["getEventsForDay"],"fullName":"getEventsForDay 날짜가 32일 이상인 경우 빈 배열을 반환한다","status":"passed","title":"날짜가 32일 이상인 경우 빈 배열을 반환한다","duration":0.09341700000004494,"failureMessages":[],"meta":{}},{"ancestorTitles":["formatWeek"],"fullName":"formatWeek 월의 중간 날짜에 대해 올바른 주 정보를 반환한다","status":"passed","title":"월의 중간 날짜에 대해 올바른 주 정보를 반환한다","duration":4.139165999999932,"failureMessages":[],"meta":{}},{"ancestorTitles":["formatWeek"],"fullName":"formatWeek 월의 첫 주에 대해 올바른 주 정보를 반환한다","status":"passed","title":"월의 첫 주에 대해 올바른 주 정보를 반환한다","duration":0.09233300000050804,"failureMessages":[],"meta":{}},{"ancestorTitles":["formatWeek"],"fullName":"formatWeek 월의 마지막 주에 대해 올바른 주 정보를 반환한다","status":"passed","title":"월의 마지막 주에 대해 올바른 주 정보를 반환한다","duration":0.07304200000089622,"failureMessages":[],"meta":{}},{"ancestorTitles":["formatWeek"],"fullName":"formatWeek 연도가 바뀌는 주에 대해 올바른 주 정보를 반환한다","status":"passed","title":"연도가 바뀌는 주에 대해 올바른 주 정보를 반환한다","duration":0.06179199999951379,"failureMessages":[],"meta":{}},{"ancestorTitles":["formatWeek"],"fullName":"formatWeek 윤년 2월의 마지막 주에 대해 올바른 주 정보를 반환한다","status":"passed","title":"윤년 2월의 마지막 주에 대해 올바른 주 정보를 반환한다","duration":0.1810829999994894,"failureMessages":[],"meta":{}},{"ancestorTitles":["formatWeek"],"fullName":"formatWeek 평년 2월의 마지막 주에 대해 올바른 주 정보를 반환한다","status":"passed","title":"평년 2월의 마지막 주에 대해 올바른 주 정보를 반환한다","duration":0.34870799999953306,"failureMessages":[],"meta":{}},{"ancestorTitles":["formatMonth"],"fullName":"formatMonth 2025년 7월 10일을 '2025년 7월'로 반환한다","status":"passed","title":"2025년 7월 10일을 '2025년 7월'로 반환한다","duration":0.08770800000002055,"failureMessages":[],"meta":{}},{"ancestorTitles":["isDateInRange"],"fullName":"isDateInRange 범위 내의 날짜 2025-07-10에 대해 true를 반환한다","status":"passed","title":"범위 내의 날짜 2025-07-10에 대해 true를 반환한다","duration":0.09766599999966274,"failureMessages":[],"meta":{}},{"ancestorTitles":["isDateInRange"],"fullName":"isDateInRange 범위의 시작일 2025-07-01에 대해 true를 반환한다","status":"passed","title":"범위의 시작일 2025-07-01에 대해 true를 반환한다","duration":0.0562500000005457,"failureMessages":[],"meta":{}},{"ancestorTitles":["isDateInRange"],"fullName":"isDateInRange 범위의 종료일 2025-07-31에 대해 true를 반환한다","status":"passed","title":"범위의 종료일 2025-07-31에 대해 true를 반환한다","duration":0.06066700000064884,"failureMessages":[],"meta":{}},{"ancestorTitles":["isDateInRange"],"fullName":"isDateInRange 범위 이전의 날짜 2025-06-30에 대해 false를 반환한다","status":"passed","title":"범위 이전의 날짜 2025-06-30에 대해 false를 반환한다","duration":0.06333400000039546,"failureMessages":[],"meta":{}},{"ancestorTitles":["isDateInRange"],"fullName":"isDateInRange 범위 이후의 날짜 2025-08-01에 대해 false를 반환한다","status":"passed","title":"범위 이후의 날짜 2025-08-01에 대해 false를 반환한다","duration":0.058457999999518506,"failureMessages":[],"meta":{}},{"ancestorTitles":["isDateInRange"],"fullName":"isDateInRange 시작일이 종료일보다 늦은 경우 모든 날짜에 대해 false를 반환한다","status":"passed","title":"시작일이 종료일보다 늦은 경우 모든 날짜에 대해 false를 반환한다","duration":0.06220799999937299,"failureMessages":[],"meta":{}},{"ancestorTitles":["fillZero"],"fullName":"fillZero 5를 2자리로 변환하면 '05'를 반환한다","status":"passed","title":"5를 2자리로 변환하면 '05'를 반환한다","duration":0.13283299999966403,"failureMessages":[],"meta":{}},{"ancestorTitles":["fillZero"],"fullName":"fillZero 10을 2자리로 변환하면 '10'을 반환한다","status":"passed","title":"10을 2자리로 변환하면 '10'을 반환한다","duration":0.3088340000003882,"failureMessages":[],"meta":{}},{"ancestorTitles":["fillZero"],"fullName":"fillZero 3을 3자리로 변환하면 '003'을 반환한다","status":"passed","title":"3을 3자리로 변환하면 '003'을 반환한다","duration":0.2316659999996773,"failureMessages":[],"meta":{}},{"ancestorTitles":["fillZero"],"fullName":"fillZero 100을 2자리로 변환하면 '100'을 반환한다","status":"passed","title":"100을 2자리로 변환하면 '100'을 반환한다","duration":0.0657920000003287,"failureMessages":[],"meta":{}},{"ancestorTitles":["fillZero"],"fullName":"fillZero 0을 2자리로 변환하면 '00'을 반환한다","status":"passed","title":"0을 2자리로 변환하면 '00'을 반환한다","duration":0.05633399999987887,"failureMessages":[],"meta":{}},{"ancestorTitles":["fillZero"],"fullName":"fillZero 1을 5자리로 변환하면 '00001'을 반환한다","status":"passed","title":"1을 5자리로 변환하면 '00001'을 반환한다","duration":0.04795800000010786,"failureMessages":[],"meta":{}},{"ancestorTitles":["fillZero"],"fullName":"fillZero 소수점이 있는 3.14를 5자리로 변환하면 '03.14'를 반환한다","status":"passed","title":"소수점이 있는 3.14를 5자리로 변환하면 '03.14'를 반환한다","duration":5.330625000000509,"failureMessages":[],"meta":{}},{"ancestorTitles":["fillZero"],"fullName":"fillZero size 파라미터를 생략하면 기본값 2를 사용한다","status":"passed","title":"size 파라미터를 생략하면 기본값 2를 사용한다","duration":0.09774999999990541,"failureMessages":[],"meta":{}},{"ancestorTitles":["fillZero"],"fullName":"fillZero value가 지정된 size보다 큰 자릿수를 가지면 원래 값을 그대로 반환한다","status":"passed","title":"value가 지정된 size보다 큰 자릿수를 가지면 원래 값을 그대로 반환한다","duration":16.892542000000503,"failureMessages":[],"meta":{}},{"ancestorTitles":["formatDate"],"fullName":"formatDate 날짜를 YYYY-MM-DD 형식으로 포맷팅한다","status":"passed","title":"날짜를 YYYY-MM-DD 형식으로 포맷팅한다","duration":0.09041600000000471,"failureMessages":[],"meta":{}},{"ancestorTitles":["formatDate"],"fullName":"formatDate day 파라미터가 제공되면 해당 일자로 포맷팅한다","status":"passed","title":"day 파라미터가 제공되면 해당 일자로 포맷팅한다","duration":0.05479199999990669,"failureMessages":[],"meta":{}},{"ancestorTitles":["formatDate"],"fullName":"formatDate 월이 한 자리 수일 때 앞에 0을 붙여 포맷팅한다","status":"passed","title":"월이 한 자리 수일 때 앞에 0을 붙여 포맷팅한다","duration":0.07237500000064756,"failureMessages":[],"meta":{}},{"ancestorTitles":["formatDate"],"fullName":"formatDate 일이 한 자리 수일 때 앞에 0을 붙여 포맷팅한다","status":"passed","title":"일이 한 자리 수일 때 앞에 0을 붙여 포맷팅한다","duration":0.06462499999997817,"failureMessages":[],"meta":{}}],"startTime":1761924681651,"endTime":1761924681768.0903,"status":"passed","message":"","name":"/Users/anjaehyeon/Desktop/hanghae-plus/front_7th_chapter1-2-/src/__tests__/unit/easy.dateUtils.spec.ts"},{"assertionResults":[{"ancestorTitles":["parseDateTime"],"fullName":"parseDateTime 2025-07-01 14:30을 정확한 Date 객체로 변환한다","status":"passed","title":"2025-07-01 14:30을 정확한 Date 객체로 변환한다","duration":8.589332999999897,"failureMessages":[],"meta":{}},{"ancestorTitles":["parseDateTime"],"fullName":"parseDateTime 잘못된 날짜 형식에 대해 Invalid Date를 반환한다","status":"passed","title":"잘못된 날짜 형식에 대해 Invalid Date를 반환한다","duration":0.8661670000001322,"failureMessages":[],"meta":{}},{"ancestorTitles":["parseDateTime"],"fullName":"parseDateTime 잘못된 시간 형식에 대해 Invalid Date를 반환한다","status":"passed","title":"잘못된 시간 형식에 대해 Invalid Date를 반환한다","duration":0.914625000000342,"failureMessages":[],"meta":{}},{"ancestorTitles":["parseDateTime"],"fullName":"parseDateTime 날짜 문자열이 비어있을 때 Invalid Date를 반환한다","status":"passed","title":"날짜 문자열이 비어있을 때 Invalid Date를 반환한다","duration":2.405416999999943,"failureMessages":[],"meta":{}},{"ancestorTitles":["convertEventToDateRange"],"fullName":"convertEventToDateRange 일반적인 이벤트를 올바른 시작 및 종료 시간을 가진 객체로 변환한다","status":"passed","title":"일반적인 이벤트를 올바른 시작 및 종료 시간을 가진 객체로 변환한다","duration":0.5186670000002778,"failureMessages":[],"meta":{}},{"ancestorTitles":["convertEventToDateRange"],"fullName":"convertEventToDateRange 잘못된 날짜 형식의 이벤트에 대해 Invalid Date를 반환한다","status":"passed","title":"잘못된 날짜 형식의 이벤트에 대해 Invalid Date를 반환한다","duration":0.28766600000017206,"failureMessages":[],"meta":{}},{"ancestorTitles":["convertEventToDateRange"],"fullName":"convertEventToDateRange 잘못된 시간 형식의 이벤트에 대해 Invalid Date를 반환한다","status":"passed","title":"잘못된 시간 형식의 이벤트에 대해 Invalid Date를 반환한다","duration":0.4254579999997077,"failureMessages":[],"meta":{}},{"ancestorTitles":["isOverlapping"],"fullName":"isOverlapping 두 이벤트가 겹치는 경우 true를 반환한다","status":"passed","title":"두 이벤트가 겹치는 경우 true를 반환한다","duration":0.2735000000002401,"failureMessages":[],"meta":{}},{"ancestorTitles":["isOverlapping"],"fullName":"isOverlapping 두 이벤트가 겹치지 않는 경우 false를 반환한다","status":"passed","title":"두 이벤트가 겹치지 않는 경우 false를 반환한다","duration":0.858791999999994,"failureMessages":[],"meta":{}},{"ancestorTitles":["findOverlappingEvents"],"fullName":"findOverlappingEvents 새 이벤트와 겹치는 모든 이벤트를 반환한다","status":"passed","title":"새 이벤트와 겹치는 모든 이벤트를 반환한다","duration":0.8096670000004451,"failureMessages":[],"meta":{}},{"ancestorTitles":["findOverlappingEvents"],"fullName":"findOverlappingEvents 겹치는 이벤트가 없으면 빈 배열을 반환한다","status":"passed","title":"겹치는 이벤트가 없으면 빈 배열을 반환한다","duration":2.4364170000008016,"failureMessages":[],"meta":{}}],"startTime":1761924681637,"endTime":1761924681656.4365,"status":"passed","message":"","name":"/Users/anjaehyeon/Desktop/hanghae-plus/front_7th_chapter1-2-/src/__tests__/unit/easy.eventOverlap.spec.ts"},{"assertionResults":[{"ancestorTitles":["getFilteredEvents"],"fullName":"getFilteredEvents 검색어 '이벤트 2'에 맞는 이벤트만 반환한다","status":"passed","title":"검색어 '이벤트 2'에 맞는 이벤트만 반환한다","duration":21.778457999999773,"failureMessages":[],"meta":{}},{"ancestorTitles":["getFilteredEvents"],"fullName":"getFilteredEvents 주간 뷰에서 2025-07-01 주의 이벤트만 반환한다","status":"passed","title":"주간 뷰에서 2025-07-01 주의 이벤트만 반환한다","duration":0.6567919999997684,"failureMessages":[],"meta":{}},{"ancestorTitles":["getFilteredEvents"],"fullName":"getFilteredEvents 월간 뷰에서 2025년 7월의 모든 이벤트를 반환한다","status":"passed","title":"월간 뷰에서 2025년 7월의 모든 이벤트를 반환한다","duration":1.0057919999999285,"failureMessages":[],"meta":{}},{"ancestorTitles":["getFilteredEvents"],"fullName":"getFilteredEvents 검색어 '이벤트'와 주간 뷰 필터링을 동시에 적용한다","status":"passed","title":"검색어 '이벤트'와 주간 뷰 필터링을 동시에 적용한다","duration":3.156209000000672,"failureMessages":[],"meta":{}},{"ancestorTitles":["getFilteredEvents"],"fullName":"getFilteredEvents 검색어가 없을 때 모든 이벤트를 반환한다","status":"passed","title":"검색어가 없을 때 모든 이벤트를 반환한다","duration":0.37287500000002183,"failureMessages":[],"meta":{}},{"ancestorTitles":["getFilteredEvents"],"fullName":"getFilteredEvents 검색어가 대소문자를 구분하지 않고 작동한다","status":"passed","title":"검색어가 대소문자를 구분하지 않고 작동한다","duration":1.3515409999999974,"failureMessages":[],"meta":{}},{"ancestorTitles":["getFilteredEvents"],"fullName":"getFilteredEvents 월의 경계에 있는 이벤트를 올바르게 필터링한다","status":"passed","title":"월의 경계에 있는 이벤트를 올바르게 필터링한다","duration":4.308667000000241,"failureMessages":[],"meta":{}},{"ancestorTitles":["getFilteredEvents"],"fullName":"getFilteredEvents 빈 이벤트 리스트에 대해 빈 배열을 반환한다","status":"passed","title":"빈 이벤트 리스트에 대해 빈 배열을 반환한다","duration":0.20358299999952578,"failureMessages":[],"meta":{}}],"startTime":1761924681636,"endTime":1761924681669.3086,"status":"passed","message":"","name":"/Users/anjaehyeon/Desktop/hanghae-plus/front_7th_chapter1-2-/src/__tests__/unit/easy.eventUtils.spec.ts"},{"assertionResults":[{"ancestorTitles":["fetchHolidays"],"fullName":"fetchHolidays 주어진 월의 공휴일만 반환한다","status":"passed","title":"주어진 월의 공휴일만 반환한다","duration":48.67191699999967,"failureMessages":[],"meta":{}},{"ancestorTitles":["fetchHolidays"],"fullName":"fetchHolidays 공휴일이 없는 월에 대해 빈 객체를 반환한다","status":"passed","title":"공휴일이 없는 월에 대해 빈 객체를 반환한다","duration":1.0781669999996666,"failureMessages":[],"meta":{}},{"ancestorTitles":["fetchHolidays"],"fullName":"fetchHolidays 여러 공휴일이 있는 월에 대해 모든 공휴일을 반환한다","status":"passed","title":"여러 공휴일이 있는 월에 대해 모든 공휴일을 반환한다","duration":6.10950000000048,"failureMessages":[],"meta":{}}],"startTime":1761924694616,"endTime":1761924694672.1096,"status":"passed","message":"","name":"/Users/anjaehyeon/Desktop/hanghae-plus/front_7th_chapter1-2-/src/__tests__/unit/easy.fetchHolidays.spec.ts"},{"assertionResults":[{"ancestorTitles":["getUpcomingEvents"],"fullName":"getUpcomingEvents 알림 시간이 정확히 도래한 이벤트를 반환한다","status":"passed","title":"알림 시간이 정확히 도래한 이벤트를 반환한다","duration":43.944917000000714,"failureMessages":[],"meta":{}},{"ancestorTitles":["getUpcomingEvents"],"fullName":"getUpcomingEvents 이미 알림이 간 이벤트는 제외한다","status":"passed","title":"이미 알림이 간 이벤트는 제외한다","duration":2.0703750000011496,"failureMessages":[],"meta":{}},{"ancestorTitles":["getUpcomingEvents"],"fullName":"getUpcomingEvents 알림 시간이 아직 도래하지 않은 이벤트는 반환하지 않는다","status":"passed","title":"알림 시간이 아직 도래하지 않은 이벤트는 반환하지 않는다","duration":1.0292499999995925,"failureMessages":[],"meta":{}},{"ancestorTitles":["getUpcomingEvents"],"fullName":"getUpcomingEvents 알림 시간이 지난 이벤트는 반환하지 않는다","status":"passed","title":"알림 시간이 지난 이벤트는 반환하지 않는다","duration":1.1948330000013812,"failureMessages":[],"meta":{}},{"ancestorTitles":["createNotificationMessage"],"fullName":"createNotificationMessage 올바른 알림 메시지를 생성해야 한다","status":"passed","title":"올바른 알림 메시지를 생성해야 한다","duration":0.4257500000003347,"failureMessages":[],"meta":{}}],"startTime":1761924694618,"endTime":1761924694668.4258,"status":"passed","message":"","name":"/Users/anjaehyeon/Desktop/hanghae-plus/front_7th_chapter1-2-/src/__tests__/unit/easy.notificationUtils.spec.ts"},{"assertionResults":[{"ancestorTitles":["getTimeErrorMessage >"],"fullName":"getTimeErrorMessage > 시작 시간이 종료 시간보다 늦을 때 에러 메시지를 반환한다","status":"passed","title":"시작 시간이 종료 시간보다 늦을 때 에러 메시지를 반환한다","duration":44.85191599999962,"failureMessages":[],"meta":{}},{"ancestorTitles":["getTimeErrorMessage >"],"fullName":"getTimeErrorMessage > 시작 시간과 종료 시간이 같을 때 에러 메시지를 반환한다","status":"passed","title":"시작 시간과 종료 시간이 같을 때 에러 메시지를 반환한다","duration":0.9653340000004391,"failureMessages":[],"meta":{}},{"ancestorTitles":["getTimeErrorMessage >"],"fullName":"getTimeErrorMessage > 시작 시간이 종료 시간보다 빠를 때 null을 반환한다","status":"passed","title":"시작 시간이 종료 시간보다 빠를 때 null을 반환한다","duration":1.4396250000008877,"failureMessages":[],"meta":{}},{"ancestorTitles":["getTimeErrorMessage >"],"fullName":"getTimeErrorMessage > 시작 시간이 비어있을 때 null을 반환한다","status":"passed","title":"시작 시간이 비어있을 때 null을 반환한다","duration":0.6287920000013401,"failureMessages":[],"meta":{}},{"ancestorTitles":["getTimeErrorMessage >"],"fullName":"getTimeErrorMessage > 종료 시간이 비어있을 때 null을 반환한다","status":"passed","title":"종료 시간이 비어있을 때 null을 반환한다","duration":0.4736250000005384,"failureMessages":[],"meta":{}},{"ancestorTitles":["getTimeErrorMessage >"],"fullName":"getTimeErrorMessage > 시작 시간과 종료 시간이 모두 비어있을 때 null을 반환한다","status":"passed","title":"시작 시간과 종료 시간이 모두 비어있을 때 null을 반환한다","duration":0.4132079999999405,"failureMessages":[],"meta":{}}],"startTime":1761924694616,"endTime":1761924694665.413,"status":"passed","message":"","name":"/Users/anjaehyeon/Desktop/hanghae-plus/front_7th_chapter1-2-/src/__tests__/unit/easy.timeValidation.spec.ts"}]}